#
# There is insufficient memory for the Java Runtime Environment to continue.
# Native memory allocation (mmap) failed to map 59768832 bytes for Failed to commit area from 0x0000000091a00000 to 0x0000000095300000 of length 59768832.
# Possible reasons:
#   The system is out of physical RAM or swap space
#   The process is running with CompressedOops enabled, and the Java Heap may be blocking the growth of the native heap
# Possible solutions:
#   Reduce memory load on the system
#   Increase physical memory or swap space
#   Check if swap backing store is full
#   Decrease Java heap size (-Xmx/-Xms)
#   Decrease number of Java threads
#   Decrease Java thread stack sizes (-Xss)
#   Set larger code cache with -XX:ReservedCodeCacheSize=
#   JVM is running with Unscaled Compressed Oops mode in which the Java heap is
#     placed in the first 4GB address space. The Java Heap base address is the
#     maximum limit for the native heap growth. Please use -XX:HeapBaseMinAddress
#     to set the Java Heap base and to place the Java Heap above 4GB virtual address.
# This output file may be truncated or incomplete.
#
#  Out of Memory Error (./src/hotspot/os/windows/os_windows.cpp:3301), pid=11604, tid=10928
#
# JRE version: OpenJDK Runtime Environment (11.0.11+9) (build 11.0.11+9-b60-7590822)
# Java VM: OpenJDK 64-Bit Server VM (11.0.11+9-b60-7590822, mixed mode, tiered, compressed oops, g1 gc, windows-amd64)
# No core dump will be written. Minidumps are not enabled by default on client versions of Windows
#

---------------  S U M M A R Y ------------

Command Line: --add-opens=java.base/java.util=ALL-UNNAMED --add-opens=java.base/java.lang=ALL-UNNAMED --add-opens=java.base/java.lang.invoke=ALL-UNNAMED --add-opens=java.base/java.util=ALL-UNNAMED --add-opens=java.prefs/java.util.prefs=ALL-UNNAMED --add-opens=java.prefs/java.util.prefs=ALL-UNNAMED --add-opens=java.base/java.nio.charset=ALL-UNNAMED --add-opens=java.base/java.net=ALL-UNNAMED --add-opens=java.base/java.util.concurrent.atomic=ALL-UNNAMED -Xmx2048m -Dfile.encoding=UTF-8 -Duser.country=ES -Duser.language=es -Duser.variant org.gradle.launcher.daemon.bootstrap.GradleDaemon 7.0.2

Host: Intel(R) Core(TM) i3-4005U CPU @ 1.70GHz, 4 cores, 7G,  Windows 10 , 64 bit Build 19041 (10.0.19041.1503)
Time: Mon Mar  7 22:38:09 2022 Hora estándar romance elapsed time: 19855.773114 seconds (0d 5h 30m 55s)

---------------  T H R E A D  ---------------

Current thread (0x0000027ddbe47000):  VMThread "VM Thread" [stack: 0x000000fce1d00000,0x000000fce1e00000] [id=10928]

Stack: [0x000000fce1d00000,0x000000fce1e00000]
[error occurred during error reporting (printing stack bounds), id 0xc0000005, EXCEPTION_ACCESS_VIOLATION (0xc0000005) at pc=0x0000027dc5d60f2d]

Native frames: (J=compiled Java code, j=interpreted, Vv=VM code, C=native code)
V  [jvm.dll+0x5f214a]
V  [jvm.dll+0x726fb5]
V  [jvm.dll+0x7285cd]
V  [jvm.dll+0x728be5]
V  [jvm.dll+0x728b9b]
V  [jvm.dll+0x5f14e8]
V  [jvm.dll+0x5f1c78]
C  [ntdll.dll+0xa20cf]
C  [ntdll.dll+0x51454]
C  [ntdll.dll+0xa0bfe]
C  0x0000027dc5d60f2d

VM_Operation (0x000000fce46f94a0): G1CollectForAllocation, mode: safepoint, requested by thread 0x0000027de3777000


---------------  P R O C E S S  ---------------

Threads class SMR info:
_java_thread_list=0x0000027de8354cc0, length=50, elements={
0x0000027dc226b000, 0x0000027ddbe4f000, 0x0000027ddbe59000, 0x0000027ddc7f3800,
0x0000027ddc7f7800, 0x0000027ddc7f9000, 0x0000027ddc7fc000, 0x0000027ddc7fd800,
0x0000027ddc7ff800, 0x0000027ddc933000, 0x0000027ddd43a800, 0x0000027ddd62b800,
0x0000027ddcd9a000, 0x0000027dde300000, 0x0000027dde2fc800, 0x0000027dde2fa800,
0x0000027dde301000, 0x0000027dde2fb000, 0x0000027ddf53c800, 0x0000027ddf53d800,
0x0000027ddf53c000, 0x0000027ddf540000, 0x0000027ddf545800, 0x0000027ddf541800,
0x0000027ddf544000, 0x0000027de376c800, 0x0000027ddf545000, 0x0000027ddf53a000,
0x0000027ddf546800, 0x0000027de376d000, 0x0000027de376b800, 0x0000027de376e000,
0x0000027de376f000, 0x0000027de376f800, 0x0000027de376a000, 0x0000027de3770800,
0x0000027de376b000, 0x0000027de3775800, 0x0000027de3774800, 0x0000027de3771800,
0x0000027de3776000, 0x0000027de3772000, 0x0000027de3777000, 0x0000027de3778800,
0x0000027de3778000, 0x0000027de3773000, 0x0000027de3773800, 0x0000027ddf53b000,
0x0000027ddf540800, 0x0000027ddf543000
}

Java Threads: ( => current thread )
  0x0000027dc226b000 JavaThread "main" [_thread_blocked, id=6852, stack(0x000000fce1700000,0x000000fce1800000)]
  0x0000027ddbe4f000 JavaThread "Reference Handler" daemon [_thread_blocked, id=10880, stack(0x000000fce1e00000,0x000000fce1f00000)]
  0x0000027ddbe59000 JavaThread "Finalizer" daemon [_thread_blocked, id=8428, stack(0x000000fce1f00000,0x000000fce2000000)]
  0x0000027ddc7f3800 JavaThread "Signal Dispatcher" daemon [_thread_blocked, id=4036, stack(0x000000fce2000000,0x000000fce2100000)]
  0x0000027ddc7f7800 JavaThread "Attach Listener" daemon [_thread_blocked, id=3684, stack(0x000000fce2100000,0x000000fce2200000)]
  0x0000027ddc7f9000 JavaThread "Service Thread" daemon [_thread_blocked, id=12928, stack(0x000000fce2200000,0x000000fce2300000)]
  0x0000027ddc7fc000 JavaThread "C2 CompilerThread0" daemon [_thread_blocked, id=1448, stack(0x000000fce2300000,0x000000fce2400000)]
  0x0000027ddc7fd800 JavaThread "C1 CompilerThread0" daemon [_thread_blocked, id=6132, stack(0x000000fce2400000,0x000000fce2500000)]
  0x0000027ddc7ff800 JavaThread "Sweeper thread" daemon [_thread_blocked, id=12636, stack(0x000000fce2500000,0x000000fce2600000)]
  0x0000027ddc933000 JavaThread "Common-Cleaner" daemon [_thread_blocked, id=580, stack(0x000000fce2600000,0x000000fce2700000)]
  0x0000027ddd43a800 JavaThread "Daemon health stats" [_thread_blocked, id=5824, stack(0x000000fce2a00000,0x000000fce2b00000)]
  0x0000027ddd62b800 JavaThread "Incoming local TCP Connector on port 53618" [_thread_in_native, id=9128, stack(0x000000fce2b00000,0x000000fce2c00000)]
  0x0000027ddcd9a000 JavaThread "Daemon periodic checks" [_thread_blocked, id=12612, stack(0x000000fce2c00000,0x000000fce2d00000)]
  0x0000027dde300000 JavaThread "Cache worker for file hash cache (C:\Users\neago\.gradle\caches\7.0.2\fileHashes)" [_thread_blocked, id=10588, stack(0x000000fce3500000,0x000000fce3600000)]
  0x0000027dde2fc800 JavaThread "File lock request listener" [_thread_in_native, id=11556, stack(0x000000fce3600000,0x000000fce3700000)]
  0x0000027dde2fa800 JavaThread "Cache worker for journal cache (C:\Users\neago\.gradle\caches\journal-1)" [_thread_blocked, id=11300, stack(0x000000fce3700000,0x000000fce3800000)]
  0x0000027dde301000 JavaThread "File watcher server" daemon [_thread_blocked, id=5176, stack(0x000000fce3900000,0x000000fce3a00000)]
  0x0000027dde2fb000 JavaThread "File watcher consumer" daemon [_thread_blocked, id=8036, stack(0x000000fce3a00000,0x000000fce3b00000)]
  0x0000027ddf53c800 JavaThread "Cache worker for execution history cache (C:\Users\neago\.gradle\caches\7.0.2\executionHistory)" [_thread_blocked, id=6812, stack(0x000000fce1500000,0x000000fce1600000)]
  0x0000027ddf53d800 JavaThread "jar transforms" [_thread_blocked, id=6804, stack(0x000000fce3f00000,0x000000fce4000000)]
  0x0000027ddf53c000 JavaThread "jar transforms Thread 2" [_thread_blocked, id=9368, stack(0x000000fce4000000,0x000000fce4100000)]
  0x0000027ddf540000 JavaThread "Cache worker for file content cache (C:\Users\neago\.gradle\caches\7.0.2\fileContent)" [_thread_blocked, id=572, stack(0x000000fce4200000,0x000000fce4300000)]
  0x0000027ddf545800 JavaThread "jar transforms Thread 3" [_thread_blocked, id=9588, stack(0x000000fce4300000,0x000000fce4400000)]
  0x0000027ddf541800 JavaThread "jar transforms Thread 4" [_thread_blocked, id=11584, stack(0x000000fce3200000,0x000000fce3300000)]
  0x0000027ddf544000 JavaThread "Memory manager" [_thread_blocked, id=9872, stack(0x000000fce4800000,0x000000fce4900000)]
  0x0000027de376c800 JavaThread "Cache worker for Java compile cache (C:\Users\neago\.gradle\caches\7.0.2\javaCompile)" [_thread_blocked, id=7312, stack(0x000000fce3e00000,0x000000fce3f00000)]
  0x0000027ddf545000 JavaThread "ForkJoinPool.commonPool-worker-1" daemon [_thread_blocked, id=12936, stack(0x000000fce5500000,0x000000fce5600000)]
  0x0000027ddf53a000 JavaThread "Daemon Thread 18" [_thread_blocked, id=6328, stack(0x000000fce1400000,0x000000fce1500000)]
  0x0000027ddf546800 JavaThread "Daemon worker Thread 18" [_thread_blocked, id=2760, stack(0x000000fce2e00000,0x000000fce2f00000)]
  0x0000027de376d000 JavaThread "Handler for socket connection from /127.0.0.1:53618 to /127.0.0.1:55668" [_thread_in_native, id=14000, stack(0x000000fce1600000,0x000000fce1700000)]
  0x0000027de376b800 JavaThread "Cancel handler" [_thread_blocked, id=12632, stack(0x000000fce2d00000,0x000000fce2e00000)]
  0x0000027de376e000 JavaThread "Asynchronous log dispatcher for DefaultDaemonConnection: socket connection from /127.0.0.1:53618 to /127.0.0.1:55668" [_thread_blocked, id=2936, stack(0x000000fce2f00000,0x000000fce3000000)]
  0x0000027de376f000 JavaThread "Stdin handler" [_thread_blocked, id=11296, stack(0x000000fce3000000,0x000000fce3100000)]
  0x0000027de376f800 JavaThread "Daemon client event forwarder" [_thread_blocked, id=12388, stack(0x000000fce3100000,0x000000fce3200000)]
  0x0000027de376a000 JavaThread "Cache worker for file hash cache (C:\Users\neago\AndroidStudioProjects\TallerMecnico-Android\Taller Mecanico Android\Taller Mecanico Android\.gradle\7.0.2\fileHashes)" [_thread_blocked, id=11796, stack(0x000000fce3300000,0x000000fce3400000)]
  0x0000027de3770800 JavaThread "Cache worker for checksums cache (C:\Users\neago\AndroidStudioProjects\TallerMecnico-Android\Taller Mecanico Android\Taller Mecanico Android\.gradle\checksums)" [_thread_blocked, id=8780, stack(0x000000fce3800000,0x000000fce3900000)]
  0x0000027de376b000 JavaThread "Cache worker for cache directory md-supplier (C:\Users\neago\.gradle\caches\7.0.2\md-supplier)" [_thread_blocked, id=8176, stack(0x000000fce3b00000,0x000000fce3c00000)]
  0x0000027de3775800 JavaThread "Cache worker for cache directory md-rule (C:\Users\neago\.gradle\caches\7.0.2\md-rule)" [_thread_blocked, id=11372, stack(0x000000fce3c00000,0x000000fce3d00000)]
  0x0000027de3774800 JavaThread "Cache worker for dependencies-accessors (C:\Users\neago\AndroidStudioProjects\TallerMecnico-Android\Taller Mecanico Android\Taller Mecanico Android\.gradle\7.0.2\dependencies-accessors)" [_thread_blocked, id=4684, stack(0x000000fce3d00000,0x000000fce3e00000)]
  0x0000027de3771800 JavaThread "Cache worker for Build Output Cleanup Cache (C:\Users\neago\AndroidStudioProjects\TallerMecnico-Android\Taller Mecanico Android\Taller Mecanico Android\.gradle\buildOutputCleanup)" [_thread_blocked, id=11356, stack(0x000000fce4100000,0x000000fce4200000)]
  0x0000027de3776000 JavaThread "Build operations" [_thread_blocked, id=3388, stack(0x000000fce4400000,0x000000fce4500000)]
  0x0000027de3772000 JavaThread "Build operations Thread 2" [_thread_blocked, id=11072, stack(0x000000fce4500000,0x000000fce4600000)]
  0x0000027de3777000 JavaThread "Build operations Thread 3" [_thread_blocked, id=11920, stack(0x000000fce4600000,0x000000fce4700000)]
  0x0000027de3778800 JavaThread "Build operations Thread 4" [_thread_blocked, id=12644, stack(0x000000fce4700000,0x000000fce4800000)]
  0x0000027de3778000 JavaThread "build event listener" [_thread_blocked, id=9456, stack(0x000000fce4900000,0x000000fce4a00000)]
  0x0000027de3773000 JavaThread "Execution worker for ':'" [_thread_blocked, id=13868, stack(0x000000fce4a00000,0x000000fce4b00000)]
  0x0000027de3773800 JavaThread "Execution worker for ':' Thread 2" [_thread_blocked, id=2748, stack(0x000000fce4b00000,0x000000fce4c00000)]
  0x0000027ddf53b000 JavaThread "Execution worker for ':' Thread 3" [_thread_blocked, id=10196, stack(0x000000fce4c00000,0x000000fce4d00000)]
  0x0000027ddf540800 JavaThread "Cache worker for execution history cache (C:\Users\neago\AndroidStudioProjects\TallerMecnico-Android\Taller Mecanico Android\Taller Mecanico Android\.gradle\7.0.2\executionHistory)" [_thread_blocked, id=9448, stack(0x000000fce4d00000,0x000000fce4e00000)]
  0x0000027ddf543000 JavaThread "WorkerExecutor Queue" [_thread_blocked, id=10380, stack(0x000000fce4e00000,0x000000fce4f00000)]

Other Threads:
=>0x0000027ddbe47000 VMThread "VM Thread" [stack: 0x000000fce1d00000,0x000000fce1e00000] [id=10928]
  0x0000027ddc95c800 WatcherThread [stack: 0x000000fce2700000,0x000000fce2800000] [id=7068]
  0x0000027dc2285800 GCTaskThread "GC Thread#0" [stack: 0x000000fce1800000,0x000000fce1900000] [id=9704]
  0x0000027ddce5d800 GCTaskThread "GC Thread#1" [stack: 0x000000fce2800000,0x000000fce2900000] [id=13672]
  0x0000027ddcd70800 GCTaskThread "GC Thread#2" [stack: 0x000000fce2900000,0x000000fce2a00000] [id=10888]
  0x0000027ddd9f5000 GCTaskThread "GC Thread#3" [stack: 0x000000fce3400000,0x000000fce3500000] [id=13056]
  0x0000027dc22b5800 ConcurrentGCThread "G1 Main Marker" [stack: 0x000000fce1900000,0x000000fce1a00000] [id=13880]
  0x0000027dc22b6800 ConcurrentGCThread "G1 Conc#0" [stack: 0x000000fce1a00000,0x000000fce1b00000] [id=8172]
  0x0000027ddbca0800 ConcurrentGCThread "G1 Refine#0" [stack: 0x000000fce1b00000,0x000000fce1c00000] [id=10236]
  0x0000027ddbca1800 ConcurrentGCThread "G1 Young RemSet Sampling" [stack: 0x000000fce1c00000,0x000000fce1d00000] [id=1672]

Threads with active compile tasks:
C2 CompilerThread019856670 33251       4       com.android.tools.r8.internal.U6::a (6044 bytes)

VM state:at safepoint (normal execution)

VM Mutex/Monitor currently owned by a thread:  ([mutex/lock_event])
[0x0000027dc225c250] Threads_lock - owner thread: 0x0000027ddbe47000
[0x0000027dc225c520] Heap_lock - owner thread: 0x0000027de3777000

Heap address: 0x0000000080000000, size: 2048 MB, Compressed Oops mode: 32-bit
Narrow klass base: 0x0000000000000000, Narrow klass shift: 3
Compressed class space size: 1073741824 Address: 0x0000000100000000

Heap:
 garbage-first heap   total 347136K, used 167955K [0x0000000080000000, 0x0000000100000000)
  region size 1024K, 6 young (6144K), 6 survivors (6144K)
 Metaspace       used 130137K, capacity 134524K, committed 134908K, reserved 1167360K
  class space    used 15790K, capacity 17374K, committed 17536K, reserved 1048576K
Heap Regions: E=young(eden), S=young(survivor), O=old, HS=humongous(starts), HC=humongous(continues), CS=collection set, F=free, A=archive, TAMS=top-at-mark-start (previous, next)
|   0|0x0000000080000000, 0x0000000080100000, 0x0000000080100000|100%| O|  |TAMS 0x0000000080100000, 0x0000000080100000| Untracked 
|   1|0x0000000080100000, 0x0000000080200000, 0x0000000080200000|100%| O|  |TAMS 0x0000000080200000, 0x0000000080200000| Untracked 
|   2|0x0000000080200000, 0x0000000080300000, 0x0000000080300000|100%| O|  |TAMS 0x0000000080300000, 0x0000000080300000| Untracked 
|   3|0x0000000080300000, 0x0000000080400000, 0x0000000080400000|100%|HS|  |TAMS 0x0000000080400000, 0x0000000080400000| Complete 
|   4|0x0000000080400000, 0x0000000080500000, 0x0000000080500000|100%|HC|  |TAMS 0x0000000080500000, 0x0000000080500000| Complete 
|   5|0x0000000080500000, 0x0000000080600000, 0x0000000080600000|100%|HC|  |TAMS 0x0000000080600000, 0x0000000080600000| Complete 
|   6|0x0000000080600000, 0x0000000080700000, 0x0000000080700000|100%| O|  |TAMS 0x0000000080700000, 0x0000000080700000| Untracked 
|   7|0x0000000080700000, 0x0000000080800000, 0x0000000080800000|100%| O|  |TAMS 0x0000000080800000, 0x0000000080800000| Untracked 
|   8|0x0000000080800000, 0x0000000080900000, 0x0000000080900000|100%| O|  |TAMS 0x0000000080900000, 0x0000000080900000| Untracked 
|   9|0x0000000080900000, 0x0000000080a00000, 0x0000000080a00000|100%| O|  |TAMS 0x0000000080a00000, 0x0000000080a00000| Untracked 
|  10|0x0000000080a00000, 0x0000000080b00000, 0x0000000080b00000|100%| O|  |TAMS 0x0000000080b00000, 0x0000000080b00000| Untracked 
|  11|0x0000000080b00000, 0x0000000080c00000, 0x0000000080c00000|100%| O|  |TAMS 0x0000000080c00000, 0x0000000080c00000| Untracked 
|  12|0x0000000080c00000, 0x0000000080d00000, 0x0000000080d00000|100%| O|  |TAMS 0x0000000080d00000, 0x0000000080d00000| Untracked 
|  13|0x0000000080d00000, 0x0000000080e00000, 0x0000000080e00000|100%| O|  |TAMS 0x0000000080e00000, 0x0000000080e00000| Untracked 
|  14|0x0000000080e00000, 0x0000000080f00000, 0x0000000080f00000|100%| O|  |TAMS 0x0000000080f00000, 0x0000000080f00000| Untracked 
|  15|0x0000000080f00000, 0x0000000081000000, 0x0000000081000000|100%| O|  |TAMS 0x0000000081000000, 0x0000000081000000| Untracked 
|  16|0x0000000081000000, 0x0000000081100000, 0x0000000081100000|100%|HS|  |TAMS 0x0000000081100000, 0x0000000081100000| Complete 
|  17|0x0000000081100000, 0x0000000081200000, 0x0000000081200000|100%| O|  |TAMS 0x0000000081200000, 0x0000000081200000| Untracked 
|  18|0x0000000081200000, 0x0000000081300000, 0x0000000081300000|100%| O|  |TAMS 0x0000000081300000, 0x0000000081300000| Untracked 
|  19|0x0000000081300000, 0x0000000081400000, 0x0000000081400000|100%| O|  |TAMS 0x0000000081400000, 0x0000000081400000| Untracked 
|  20|0x0000000081400000, 0x0000000081500000, 0x0000000081500000|100%| O|  |TAMS 0x0000000081500000, 0x0000000081500000| Untracked 
|  21|0x0000000081500000, 0x0000000081600000, 0x0000000081600000|100%| O|  |TAMS 0x0000000081600000, 0x0000000081600000| Untracked 
|  22|0x0000000081600000, 0x0000000081700000, 0x0000000081700000|100%| O|  |TAMS 0x0000000081700000, 0x0000000081700000| Untracked 
|  23|0x0000000081700000, 0x0000000081800000, 0x0000000081800000|100%| O|  |TAMS 0x0000000081800000, 0x0000000081800000| Untracked 
|  24|0x0000000081800000, 0x0000000081900000, 0x0000000081900000|100%|HS|  |TAMS 0x0000000081900000, 0x0000000081900000| Complete 
|  25|0x0000000081900000, 0x0000000081a00000, 0x0000000081a00000|100%| O|  |TAMS 0x0000000081a00000, 0x0000000081a00000| Untracked 
|  26|0x0000000081a00000, 0x0000000081b00000, 0x0000000081b00000|100%| O|  |TAMS 0x0000000081b00000, 0x0000000081b00000| Untracked 
|  27|0x0000000081b00000, 0x0000000081c00000, 0x0000000081c00000|100%| O|  |TAMS 0x0000000081c00000, 0x0000000081c00000| Untracked 
|  28|0x0000000081c00000, 0x0000000081d00000, 0x0000000081d00000|100%|HS|  |TAMS 0x0000000081d00000, 0x0000000081d00000| Complete 
|  29|0x0000000081d00000, 0x0000000081e00000, 0x0000000081e00000|100%|HC|  |TAMS 0x0000000081e00000, 0x0000000081e00000| Complete 
|  30|0x0000000081e00000, 0x0000000081f00000, 0x0000000081f00000|100%| O|  |TAMS 0x0000000081f00000, 0x0000000081f00000| Untracked 
|  31|0x0000000081f00000, 0x0000000082000000, 0x0000000082000000|100%| O|  |TAMS 0x0000000082000000, 0x0000000082000000| Untracked 
|  32|0x0000000082000000, 0x0000000082100000, 0x0000000082100000|100%| O|  |TAMS 0x0000000082100000, 0x0000000082100000| Untracked 
|  33|0x0000000082100000, 0x0000000082200000, 0x0000000082200000|100%| O|  |TAMS 0x0000000082200000, 0x0000000082200000| Untracked 
|  34|0x0000000082200000, 0x0000000082300000, 0x0000000082300000|100%| O|  |TAMS 0x0000000082300000, 0x0000000082300000| Untracked 
|  35|0x0000000082300000, 0x0000000082400000, 0x0000000082400000|100%| O|  |TAMS 0x0000000082400000, 0x0000000082400000| Untracked 
|  36|0x0000000082400000, 0x0000000082500000, 0x0000000082500000|100%| O|  |TAMS 0x0000000082500000, 0x0000000082500000| Untracked 
|  37|0x0000000082500000, 0x0000000082600000, 0x0000000082600000|100%| O|  |TAMS 0x0000000082600000, 0x0000000082600000| Untracked 
|  38|0x0000000082600000, 0x0000000082700000, 0x0000000082700000|100%| O|  |TAMS 0x0000000082700000, 0x0000000082700000| Untracked 
|  39|0x0000000082700000, 0x0000000082800000, 0x0000000082800000|100%| O|  |TAMS 0x0000000082800000, 0x0000000082800000| Untracked 
|  40|0x0000000082800000, 0x0000000082900000, 0x0000000082900000|100%| O|  |TAMS 0x0000000082900000, 0x0000000082900000| Untracked 
|  41|0x0000000082900000, 0x0000000082a00000, 0x0000000082a00000|100%| O|  |TAMS 0x0000000082a00000, 0x0000000082a00000| Untracked 
|  42|0x0000000082a00000, 0x0000000082b00000, 0x0000000082b00000|100%| O|  |TAMS 0x0000000082b00000, 0x0000000082b00000| Untracked 
|  43|0x0000000082b00000, 0x0000000082c00000, 0x0000000082c00000|100%| O|  |TAMS 0x0000000082c00000, 0x0000000082c00000| Untracked 
|  44|0x0000000082c00000, 0x0000000082d00000, 0x0000000082d00000|100%| O|  |TAMS 0x0000000082d00000, 0x0000000082d00000| Untracked 
|  45|0x0000000082d00000, 0x0000000082e00000, 0x0000000082e00000|100%| O|  |TAMS 0x0000000082e00000, 0x0000000082e00000| Untracked 
|  46|0x0000000082e00000, 0x0000000082f00000, 0x0000000082f00000|100%| O|  |TAMS 0x0000000082f00000, 0x0000000082f00000| Untracked 
|  47|0x0000000082f00000, 0x0000000083000000, 0x0000000083000000|100%| O|  |TAMS 0x0000000083000000, 0x0000000083000000| Untracked 
|  48|0x0000000083000000, 0x0000000083100000, 0x0000000083100000|100%| O|  |TAMS 0x0000000083100000, 0x0000000083100000| Untracked 
|  49|0x0000000083100000, 0x0000000083200000, 0x0000000083200000|100%| O|  |TAMS 0x0000000083100000, 0x0000000083100000| Untracked 
|  50|0x0000000083200000, 0x0000000083300000, 0x0000000083300000|100%| O|  |TAMS 0x0000000083200000, 0x0000000083200000| Untracked 
|  51|0x0000000083300000, 0x0000000083400000, 0x0000000083400000|100%| O|  |TAMS 0x0000000083300000, 0x0000000083300000| Untracked 
|  52|0x0000000083400000, 0x0000000083500000, 0x0000000083500000|100%| O|  |TAMS 0x0000000083400000, 0x0000000083400000| Untracked 
|  53|0x0000000083500000, 0x0000000083600000, 0x0000000083600000|100%| O|  |TAMS 0x0000000083600000, 0x0000000083600000| Untracked 
|  54|0x0000000083600000, 0x0000000083700000, 0x0000000083700000|100%| O|  |TAMS 0x0000000083700000, 0x0000000083700000| Untracked 
|  55|0x0000000083700000, 0x0000000083800000, 0x0000000083800000|100%|HS|  |TAMS 0x0000000083800000, 0x0000000083800000| Complete 
|  56|0x0000000083800000, 0x0000000083900000, 0x0000000083900000|100%|HC|  |TAMS 0x0000000083900000, 0x0000000083900000| Complete 
|  57|0x0000000083900000, 0x0000000083a00000, 0x0000000083a00000|100%| O|  |TAMS 0x0000000083a00000, 0x0000000083a00000| Untracked 
|  58|0x0000000083a00000, 0x0000000083b00000, 0x0000000083b00000|100%| O|  |TAMS 0x0000000083b00000, 0x0000000083b00000| Untracked 
|  59|0x0000000083b00000, 0x0000000083c00000, 0x0000000083c00000|100%| O|  |TAMS 0x0000000083c00000, 0x0000000083c00000| Untracked 
|  60|0x0000000083c00000, 0x0000000083d00000, 0x0000000083d00000|100%| O|  |TAMS 0x0000000083d00000, 0x0000000083d00000| Untracked 
|  61|0x0000000083d00000, 0x0000000083e00000, 0x0000000083e00000|100%| O|  |TAMS 0x0000000083e00000, 0x0000000083e00000| Untracked 
|  62|0x0000000083e00000, 0x0000000083f00000, 0x0000000083f00000|100%| O|  |TAMS 0x0000000083f00000, 0x0000000083f00000| Untracked 
|  63|0x0000000083f00000, 0x0000000084000000, 0x0000000084000000|100%| O|  |TAMS 0x0000000084000000, 0x0000000084000000| Untracked 
|  64|0x0000000084000000, 0x0000000084100000, 0x0000000084100000|100%| O|  |TAMS 0x0000000084100000, 0x0000000084100000| Untracked 
|  65|0x0000000084100000, 0x0000000084200000, 0x0000000084200000|100%| O|  |TAMS 0x0000000084200000, 0x0000000084200000| Untracked 
|  66|0x0000000084200000, 0x0000000084300000, 0x0000000084300000|100%| O|  |TAMS 0x0000000084300000, 0x0000000084300000| Untracked 
|  67|0x0000000084300000, 0x0000000084400000, 0x0000000084400000|100%| O|  |TAMS 0x0000000084400000, 0x0000000084400000| Untracked 
|  68|0x0000000084400000, 0x0000000084500000, 0x0000000084500000|100%| O|  |TAMS 0x0000000084500000, 0x0000000084500000| Untracked 
|  69|0x0000000084500000, 0x0000000084600000, 0x0000000084600000|100%| O|  |TAMS 0x0000000084600000, 0x0000000084600000| Untracked 
|  70|0x0000000084600000, 0x0000000084700000, 0x0000000084700000|100%| O|  |TAMS 0x0000000084700000, 0x0000000084700000| Untracked 
|  71|0x0000000084700000, 0x0000000084800000, 0x0000000084800000|100%| O|  |TAMS 0x0000000084800000, 0x0000000084800000| Untracked 
|  72|0x0000000084800000, 0x0000000084900000, 0x0000000084900000|100%| O|  |TAMS 0x0000000084800000, 0x0000000084800000| Untracked 
|  73|0x0000000084900000, 0x0000000084a00000, 0x0000000084a00000|100%| O|  |TAMS 0x0000000084a00000, 0x0000000084a00000| Untracked 
|  74|0x0000000084a00000, 0x0000000084b00000, 0x0000000084b00000|100%| O|  |TAMS 0x0000000084b00000, 0x0000000084b00000| Untracked 
|  75|0x0000000084b00000, 0x0000000084c00000, 0x0000000084c00000|100%| O|  |TAMS 0x0000000084b00000, 0x0000000084b00000| Untracked 
|  76|0x0000000084c00000, 0x0000000084d00000, 0x0000000084d00000|100%| O|  |TAMS 0x0000000084d00000, 0x0000000084d00000| Untracked 
|  77|0x0000000084d00000, 0x0000000084e00000, 0x0000000084e00000|100%| O|  |TAMS 0x0000000084d00000, 0x0000000084d00000| Untracked 
|  78|0x0000000084e00000, 0x0000000084f00000, 0x0000000084f00000|100%| O|  |TAMS 0x0000000084f00000, 0x0000000084f00000| Untracked 
|  79|0x0000000084f00000, 0x0000000085000000, 0x0000000085000000|100%| O|  |TAMS 0x0000000085000000, 0x0000000085000000| Untracked 
|  80|0x0000000085000000, 0x0000000085100000, 0x0000000085100000|100%| O|  |TAMS 0x0000000085100000, 0x0000000085100000| Untracked 
|  81|0x0000000085100000, 0x000000008515c200, 0x0000000085200000| 35%| O|  |TAMS 0x0000000085100000, 0x0000000085100000| Untracked 
|  82|0x0000000085200000, 0x0000000085300000, 0x0000000085300000|100%| O|  |TAMS 0x0000000085300000, 0x0000000085300000| Untracked 
|  83|0x0000000085300000, 0x0000000085300000, 0x0000000085400000|  0%| F|  |TAMS 0x0000000085300000, 0x0000000085300000| Untracked 
|  84|0x0000000085400000, 0x0000000085500000, 0x0000000085500000|100%| O|  |TAMS 0x0000000085500000, 0x0000000085500000| Untracked 
|  85|0x0000000085500000, 0x0000000085500000, 0x0000000085600000|  0%| F|  |TAMS 0x0000000085500000, 0x0000000085500000| Untracked 
|  86|0x0000000085600000, 0x0000000085700000, 0x0000000085700000|100%| O|  |TAMS 0x0000000085700000, 0x0000000085700000| Untracked 
|  87|0x0000000085700000, 0x0000000085800000, 0x0000000085800000|100%| O|  |TAMS 0x0000000085800000, 0x0000000085800000| Untracked 
|  88|0x0000000085800000, 0x0000000085800000, 0x0000000085900000|  0%| F|  |TAMS 0x0000000085800000, 0x0000000085800000| Untracked 
|  89|0x0000000085900000, 0x0000000085a00000, 0x0000000085a00000|100%| O|  |TAMS 0x0000000085a00000, 0x0000000085a00000| Untracked 
|  90|0x0000000085a00000, 0x0000000085b00000, 0x0000000085b00000|100%| O|  |TAMS 0x0000000085b00000, 0x0000000085b00000| Untracked 
|  91|0x0000000085b00000, 0x0000000085c00000, 0x0000000085c00000|100%| O|  |TAMS 0x0000000085c00000, 0x0000000085c00000| Untracked 
|  92|0x0000000085c00000, 0x0000000085d00000, 0x0000000085d00000|100%| O|  |TAMS 0x0000000085d00000, 0x0000000085d00000| Untracked 
|  93|0x0000000085d00000, 0x0000000085e00000, 0x0000000085e00000|100%| O|  |TAMS 0x0000000085e00000, 0x0000000085e00000| Untracked 
|  94|0x0000000085e00000, 0x0000000085f00000, 0x0000000085f00000|100%| O|  |TAMS 0x0000000085f00000, 0x0000000085f00000| Untracked 
|  95|0x0000000085f00000, 0x0000000086000000, 0x0000000086000000|100%| O|  |TAMS 0x0000000086000000, 0x0000000086000000| Untracked 
|  96|0x0000000086000000, 0x0000000086100000, 0x0000000086100000|100%| O|  |TAMS 0x0000000086100000, 0x0000000086100000| Untracked 
|  97|0x0000000086100000, 0x0000000086200000, 0x0000000086200000|100%| O|  |TAMS 0x0000000086200000, 0x0000000086200000| Untracked 
|  98|0x0000000086200000, 0x0000000086300000, 0x0000000086300000|100%| O|  |TAMS 0x0000000086300000, 0x0000000086300000| Untracked 
|  99|0x0000000086300000, 0x0000000086400000, 0x0000000086400000|100%| O|  |TAMS 0x0000000086400000, 0x0000000086400000| Untracked 
| 100|0x0000000086400000, 0x0000000086500000, 0x0000000086500000|100%| O|  |TAMS 0x0000000086500000, 0x0000000086500000| Untracked 
| 101|0x0000000086500000, 0x0000000086600000, 0x0000000086600000|100%| O|  |TAMS 0x0000000086600000, 0x0000000086600000| Untracked 
| 102|0x0000000086600000, 0x0000000086700000, 0x0000000086700000|100%| O|  |TAMS 0x0000000086700000, 0x0000000086700000| Untracked 
| 103|0x0000000086700000, 0x0000000086800000, 0x0000000086800000|100%| O|  |TAMS 0x0000000086800000, 0x0000000086800000| Untracked 
| 104|0x0000000086800000, 0x0000000086900000, 0x0000000086900000|100%| O|  |TAMS 0x0000000086900000, 0x0000000086900000| Untracked 
| 105|0x0000000086900000, 0x0000000086a00000, 0x0000000086a00000|100%| O|  |TAMS 0x0000000086a00000, 0x0000000086a00000| Untracked 
| 106|0x0000000086a00000, 0x0000000086b00000, 0x0000000086b00000|100%| O|  |TAMS 0x0000000086b00000, 0x0000000086b00000| Untracked 
| 107|0x0000000086b00000, 0x0000000086c00000, 0x0000000086c00000|100%| O|  |TAMS 0x0000000086c00000, 0x0000000086c00000| Untracked 
| 108|0x0000000086c00000, 0x0000000086d00000, 0x0000000086d00000|100%| O|  |TAMS 0x0000000086d00000, 0x0000000086d00000| Untracked 
| 109|0x0000000086d00000, 0x0000000086e00000, 0x0000000086e00000|100%| O|  |TAMS 0x0000000086e00000, 0x0000000086e00000| Untracked 
| 110|0x0000000086e00000, 0x0000000086f00000, 0x0000000086f00000|100%| O|  |TAMS 0x0000000086f00000, 0x0000000086f00000| Untracked 
| 111|0x0000000086f00000, 0x0000000087000000, 0x0000000087000000|100%| O|  |TAMS 0x0000000087000000, 0x0000000087000000| Untracked 
| 112|0x0000000087000000, 0x0000000087100000, 0x0000000087100000|100%| O|  |TAMS 0x0000000087100000, 0x0000000087100000| Untracked 
| 113|0x0000000087100000, 0x0000000087200000, 0x0000000087200000|100%| O|  |TAMS 0x0000000087200000, 0x0000000087200000| Untracked 
| 114|0x0000000087200000, 0x0000000087300000, 0x0000000087300000|100%| O|  |TAMS 0x0000000087300000, 0x0000000087300000| Untracked 
| 115|0x0000000087300000, 0x0000000087300000, 0x0000000087400000|  0%| F|  |TAMS 0x0000000087300000, 0x0000000087300000| Untracked 
| 116|0x0000000087400000, 0x0000000087500000, 0x0000000087500000|100%| O|  |TAMS 0x0000000087500000, 0x0000000087500000| Untracked 
| 117|0x0000000087500000, 0x0000000087600000, 0x0000000087600000|100%| O|  |TAMS 0x0000000087600000, 0x0000000087600000| Untracked 
| 118|0x0000000087600000, 0x0000000087700000, 0x0000000087700000|100%| O|  |TAMS 0x0000000087700000, 0x0000000087700000| Untracked 
| 119|0x0000000087700000, 0x0000000087800000, 0x0000000087800000|100%| O|  |TAMS 0x0000000087800000, 0x0000000087800000| Untracked 
| 120|0x0000000087800000, 0x0000000087800000, 0x0000000087900000|  0%| F|  |TAMS 0x0000000087800000, 0x0000000087800000| Untracked 
| 121|0x0000000087900000, 0x0000000087900000, 0x0000000087a00000|  0%| F|  |TAMS 0x0000000087900000, 0x0000000087900000| Untracked 
| 122|0x0000000087a00000, 0x0000000087a00000, 0x0000000087b00000|  0%| F|  |TAMS 0x0000000087a00000, 0x0000000087a00000| Untracked 
| 123|0x0000000087b00000, 0x0000000087c00000, 0x0000000087c00000|100%| O|  |TAMS 0x0000000087c00000, 0x0000000087c00000| Untracked 
| 124|0x0000000087c00000, 0x0000000087c00000, 0x0000000087d00000|  0%| F|  |TAMS 0x0000000087c00000, 0x0000000087c00000| Untracked 
| 125|0x0000000087d00000, 0x0000000087d00000, 0x0000000087e00000|  0%| F|  |TAMS 0x0000000087d00000, 0x0000000087d00000| Untracked 
| 126|0x0000000087e00000, 0x0000000087f00000, 0x0000000087f00000|100%| O|  |TAMS 0x0000000087e00000, 0x0000000087f00000| Untracked 
| 127|0x0000000087f00000, 0x0000000088000000, 0x0000000088000000|100%| O|  |TAMS 0x0000000087f00000, 0x0000000088000000| Untracked 
| 128|0x0000000088000000, 0x0000000088100000, 0x0000000088100000|100%| O|  |TAMS 0x0000000088000000, 0x0000000088100000| Untracked 
| 129|0x0000000088100000, 0x0000000088200000, 0x0000000088200000|100%| O|  |TAMS 0x0000000088100000, 0x0000000088200000| Untracked 
| 130|0x0000000088200000, 0x0000000088300000, 0x0000000088300000|100%| O|  |TAMS 0x0000000088200000, 0x0000000088300000| Untracked 
| 131|0x0000000088300000, 0x0000000088400000, 0x0000000088400000|100%| O|  |TAMS 0x0000000088300000, 0x0000000088400000| Untracked 
| 132|0x0000000088400000, 0x0000000088500000, 0x0000000088500000|100%| O|  |TAMS 0x0000000088400000, 0x0000000088500000| Untracked 
| 133|0x0000000088500000, 0x0000000088600000, 0x0000000088600000|100%| O|  |TAMS 0x0000000088500000, 0x0000000088600000| Untracked 
| 134|0x0000000088600000, 0x0000000088700000, 0x0000000088700000|100%| O|  |TAMS 0x0000000088600000, 0x0000000088700000| Untracked 
| 135|0x0000000088700000, 0x0000000088800000, 0x0000000088800000|100%| O|  |TAMS 0x0000000088700000, 0x0000000088800000| Untracked 
| 136|0x0000000088800000, 0x0000000088900000, 0x0000000088900000|100%| O|  |TAMS 0x0000000088800000, 0x0000000088900000| Untracked 
| 137|0x0000000088900000, 0x0000000088a00000, 0x0000000088a00000|100%| O|  |TAMS 0x0000000088900000, 0x0000000088a00000| Untracked 
| 138|0x0000000088a00000, 0x0000000088b00000, 0x0000000088b00000|100%| O|  |TAMS 0x0000000088a00000, 0x0000000088b00000| Untracked 
| 139|0x0000000088b00000, 0x0000000088c00000, 0x0000000088c00000|100%| O|  |TAMS 0x0000000088b00000, 0x0000000088c00000| Untracked 
| 140|0x0000000088c00000, 0x0000000088d00000, 0x0000000088d00000|100%| O|  |TAMS 0x0000000088c00000, 0x0000000088d00000| Untracked 
| 141|0x0000000088d00000, 0x0000000088e00000, 0x0000000088e00000|100%| O|  |TAMS 0x0000000088d00000, 0x0000000088e00000| Untracked 
| 142|0x0000000088e00000, 0x0000000088f00000, 0x0000000088f00000|100%| O|  |TAMS 0x0000000088e00000, 0x0000000088f00000| Untracked 
| 143|0x0000000088f00000, 0x0000000089000000, 0x0000000089000000|100%| O|  |TAMS 0x0000000088f00000, 0x0000000089000000| Untracked 
| 144|0x0000000089000000, 0x0000000089100000, 0x0000000089100000|100%| O|  |TAMS 0x0000000089000000, 0x0000000089100000| Untracked 
| 145|0x0000000089100000, 0x0000000089200000, 0x0000000089200000|100%| O|  |TAMS 0x0000000089100000, 0x0000000089200000| Untracked 
| 146|0x0000000089200000, 0x0000000089300000, 0x0000000089300000|100%| O|  |TAMS 0x0000000089200000, 0x0000000089300000| Untracked 
| 147|0x0000000089300000, 0x0000000089400000, 0x0000000089400000|100%| O|  |TAMS 0x0000000089300000, 0x0000000089400000| Untracked 
| 148|0x0000000089400000, 0x0000000089500000, 0x0000000089500000|100%| O|  |TAMS 0x0000000089400000, 0x0000000089500000| Untracked 
| 149|0x0000000089500000, 0x0000000089600000, 0x0000000089600000|100%| O|  |TAMS 0x0000000089500000, 0x0000000089600000| Untracked 
| 150|0x0000000089600000, 0x0000000089700000, 0x0000000089700000|100%| O|  |TAMS 0x0000000089600000, 0x0000000089700000| Untracked 
| 151|0x0000000089700000, 0x0000000089800000, 0x0000000089800000|100%| O|  |TAMS 0x0000000089700000, 0x0000000089800000| Untracked 
| 152|0x0000000089800000, 0x0000000089900000, 0x0000000089900000|100%| O|  |TAMS 0x0000000089800000, 0x0000000089900000| Untracked 
| 153|0x0000000089900000, 0x0000000089a00000, 0x0000000089a00000|100%| O|  |TAMS 0x0000000089900000, 0x0000000089a00000| Untracked 
| 154|0x0000000089a00000, 0x0000000089b00000, 0x0000000089b00000|100%| O|  |TAMS 0x0000000089a00000, 0x0000000089b00000| Untracked 
| 155|0x0000000089b00000, 0x0000000089c00000, 0x0000000089c00000|100%| O|  |TAMS 0x0000000089b00000, 0x0000000089c00000| Untracked 
| 156|0x0000000089c00000, 0x0000000089d00000, 0x0000000089d00000|100%| O|  |TAMS 0x0000000089c00000, 0x0000000089d00000| Untracked 
| 157|0x0000000089d00000, 0x0000000089e00000, 0x0000000089e00000|100%| O|  |TAMS 0x0000000089d00000, 0x0000000089e00000| Untracked 
| 158|0x0000000089e00000, 0x0000000089f00000, 0x0000000089f00000|100%| O|  |TAMS 0x0000000089e00000, 0x0000000089f00000| Untracked 
| 159|0x0000000089f00000, 0x000000008a000000, 0x000000008a000000|100%| O|  |TAMS 0x0000000089f00000, 0x000000008a000000| Untracked 
| 160|0x000000008a000000, 0x000000008a100000, 0x000000008a100000|100%| O|  |TAMS 0x000000008a000000, 0x000000008a100000| Untracked 
| 161|0x000000008a100000, 0x000000008a200000, 0x000000008a200000|100%| O|  |TAMS 0x000000008a100000, 0x000000008a200000| Untracked 
| 162|0x000000008a200000, 0x000000008a300000, 0x000000008a300000|100%| O|  |TAMS 0x000000008a200000, 0x000000008a300000| Untracked 
| 163|0x000000008a300000, 0x000000008a400000, 0x000000008a400000|100%| O|  |TAMS 0x000000008a300000, 0x000000008a400000| Untracked 
| 164|0x000000008a400000, 0x000000008a500000, 0x000000008a500000|100%| O|  |TAMS 0x000000008a400000, 0x000000008a500000| Untracked 
| 165|0x000000008a500000, 0x000000008a600000, 0x000000008a600000|100%| O|  |TAMS 0x000000008a500000, 0x000000008a600000| Untracked 
| 166|0x000000008a600000, 0x000000008a700000, 0x000000008a700000|100%| O|  |TAMS 0x000000008a600000, 0x000000008a700000| Untracked 
| 167|0x000000008a700000, 0x000000008a800000, 0x000000008a800000|100%| O|  |TAMS 0x000000008a700000, 0x000000008a77f200| Untracked 
| 168|0x000000008a800000, 0x000000008a800000, 0x000000008a900000|  0%| F|  |TAMS 0x000000008a800000, 0x000000008a800000| Untracked 
| 169|0x000000008a900000, 0x000000008a900000, 0x000000008aa00000|  0%| F|  |TAMS 0x000000008a900000, 0x000000008a900000| Untracked 
| 170|0x000000008aa00000, 0x000000008aa00000, 0x000000008ab00000|  0%| F|  |TAMS 0x000000008aa00000, 0x000000008aa00000| Untracked 
| 171|0x000000008ab00000, 0x000000008ab00000, 0x000000008ac00000|  0%| F|  |TAMS 0x000000008ab00000, 0x000000008ab00000| Untracked 
| 172|0x000000008ac00000, 0x000000008ac00000, 0x000000008ad00000|  0%| F|  |TAMS 0x000000008ac00000, 0x000000008ac00000| Untracked 
| 173|0x000000008ad00000, 0x000000008ad00000, 0x000000008ae00000|  0%| F|  |TAMS 0x000000008ad00000, 0x000000008ad00000| Untracked 
| 174|0x000000008ae00000, 0x000000008ae00000, 0x000000008af00000|  0%| F|  |TAMS 0x000000008ae00000, 0x000000008ae00000| Untracked 
| 175|0x000000008af00000, 0x000000008af00000, 0x000000008b000000|  0%| F|  |TAMS 0x000000008af00000, 0x000000008af00000| Untracked 
| 176|0x000000008b000000, 0x000000008b000000, 0x000000008b100000|  0%| F|  |TAMS 0x000000008b000000, 0x000000008b000000| Untracked 
| 177|0x000000008b100000, 0x000000008b100000, 0x000000008b200000|  0%| F|  |TAMS 0x000000008b100000, 0x000000008b100000| Untracked 
| 178|0x000000008b200000, 0x000000008b200000, 0x000000008b300000|  0%| F|  |TAMS 0x000000008b200000, 0x000000008b200000| Untracked 
| 179|0x000000008b300000, 0x000000008b300000, 0x000000008b400000|  0%| F|  |TAMS 0x000000008b300000, 0x000000008b300000| Untracked 
| 180|0x000000008b400000, 0x000000008b400000, 0x000000008b500000|  0%| F|  |TAMS 0x000000008b400000, 0x000000008b400000| Untracked 
| 181|0x000000008b500000, 0x000000008b500000, 0x000000008b600000|  0%| F|  |TAMS 0x000000008b500000, 0x000000008b500000| Untracked 
| 182|0x000000008b600000, 0x000000008b600000, 0x000000008b700000|  0%| F|  |TAMS 0x000000008b600000, 0x000000008b600000| Untracked 
| 183|0x000000008b700000, 0x000000008b700000, 0x000000008b800000|  0%| F|  |TAMS 0x000000008b700000, 0x000000008b700000| Untracked 
| 184|0x000000008b800000, 0x000000008b800000, 0x000000008b900000|  0%| F|  |TAMS 0x000000008b800000, 0x000000008b800000| Untracked 
| 185|0x000000008b900000, 0x000000008b900000, 0x000000008ba00000|  0%| F|  |TAMS 0x000000008b900000, 0x000000008b900000| Untracked 
| 186|0x000000008ba00000, 0x000000008ba00000, 0x000000008bb00000|  0%| F|  |TAMS 0x000000008ba00000, 0x000000008ba00000| Untracked 
| 187|0x000000008bb00000, 0x000000008bb00000, 0x000000008bc00000|  0%| F|  |TAMS 0x000000008bb00000, 0x000000008bb00000| Untracked 
| 188|0x000000008bc00000, 0x000000008bc00000, 0x000000008bd00000|  0%| F|  |TAMS 0x000000008bc00000, 0x000000008bc00000| Untracked 
| 189|0x000000008bd00000, 0x000000008bd00000, 0x000000008be00000|  0%| F|  |TAMS 0x000000008bd00000, 0x000000008bd00000| Untracked 
| 190|0x000000008be00000, 0x000000008be00000, 0x000000008bf00000|  0%| F|  |TAMS 0x000000008be00000, 0x000000008be00000| Untracked 
| 191|0x000000008bf00000, 0x000000008bf00000, 0x000000008c000000|  0%| F|  |TAMS 0x000000008bf00000, 0x000000008bf00000| Untracked 
| 192|0x000000008c000000, 0x000000008c000000, 0x000000008c100000|  0%| F|  |TAMS 0x000000008c000000, 0x000000008c000000| Untracked 
| 193|0x000000008c100000, 0x000000008c100000, 0x000000008c200000|  0%| F|  |TAMS 0x000000008c100000, 0x000000008c100000| Untracked 
| 194|0x000000008c200000, 0x000000008c200000, 0x000000008c300000|  0%| F|  |TAMS 0x000000008c200000, 0x000000008c200000| Untracked 
| 195|0x000000008c300000, 0x000000008c300000, 0x000000008c400000|  0%| F|  |TAMS 0x000000008c300000, 0x000000008c300000| Untracked 
| 196|0x000000008c400000, 0x000000008c400000, 0x000000008c500000|  0%| F|  |TAMS 0x000000008c400000, 0x000000008c400000| Untracked 
| 197|0x000000008c500000, 0x000000008c500000, 0x000000008c600000|  0%| F|  |TAMS 0x000000008c500000, 0x000000008c500000| Untracked 
| 198|0x000000008c600000, 0x000000008c600000, 0x000000008c700000|  0%| F|  |TAMS 0x000000008c600000, 0x000000008c600000| Untracked 
| 199|0x000000008c700000, 0x000000008c700000, 0x000000008c800000|  0%| F|  |TAMS 0x000000008c700000, 0x000000008c700000| Untracked 
| 200|0x000000008c800000, 0x000000008c800000, 0x000000008c900000|  0%| F|  |TAMS 0x000000008c800000, 0x000000008c800000| Untracked 
| 201|0x000000008c900000, 0x000000008c900000, 0x000000008ca00000|  0%| F|  |TAMS 0x000000008c900000, 0x000000008c900000| Untracked 
| 202|0x000000008ca00000, 0x000000008ca00000, 0x000000008cb00000|  0%| F|  |TAMS 0x000000008ca00000, 0x000000008ca00000| Untracked 
| 203|0x000000008cb00000, 0x000000008cb00000, 0x000000008cc00000|  0%| F|  |TAMS 0x000000008cb00000, 0x000000008cb00000| Untracked 
| 204|0x000000008cc00000, 0x000000008cc00000, 0x000000008cd00000|  0%| F|  |TAMS 0x000000008cc00000, 0x000000008cc00000| Untracked 
| 205|0x000000008cd00000, 0x000000008cd00000, 0x000000008ce00000|  0%| F|  |TAMS 0x000000008cd00000, 0x000000008cd00000| Untracked 
| 206|0x000000008ce00000, 0x000000008cea8a30, 0x000000008cf00000| 65%| S|CS|TAMS 0x000000008ce00000, 0x000000008ce00000| Complete 
| 207|0x000000008cf00000, 0x000000008d000000, 0x000000008d000000|100%| S|CS|TAMS 0x000000008cf00000, 0x000000008cf00000| Complete 
| 208|0x000000008d000000, 0x000000008d100000, 0x000000008d100000|100%| S|CS|TAMS 0x000000008d000000, 0x000000008d000000| Complete 
| 209|0x000000008d100000, 0x000000008d200000, 0x000000008d200000|100%| S|CS|TAMS 0x000000008d100000, 0x000000008d100000| Complete 
| 210|0x000000008d200000, 0x000000008d300000, 0x000000008d300000|100%| S|CS|TAMS 0x000000008d200000, 0x000000008d200000| Complete 
| 211|0x000000008d300000, 0x000000008d400000, 0x000000008d400000|100%| S|CS|TAMS 0x000000008d300000, 0x000000008d300000| Complete 
| 212|0x000000008d400000, 0x000000008d400000, 0x000000008d500000|  0%| F|  |TAMS 0x000000008d400000, 0x000000008d400000| Untracked 
| 213|0x000000008d500000, 0x000000008d500000, 0x000000008d600000|  0%| F|  |TAMS 0x000000008d500000, 0x000000008d500000| Untracked 
| 214|0x000000008d600000, 0x000000008d600000, 0x000000008d700000|  0%| F|  |TAMS 0x000000008d600000, 0x000000008d600000| Untracked 
| 215|0x000000008d700000, 0x000000008d700000, 0x000000008d800000|  0%| F|  |TAMS 0x000000008d700000, 0x000000008d700000| Untracked 
| 216|0x000000008d800000, 0x000000008d800000, 0x000000008d900000|  0%| F|  |TAMS 0x000000008d800000, 0x000000008d800000| Untracked 
| 217|0x000000008d900000, 0x000000008d900000, 0x000000008da00000|  0%| F|  |TAMS 0x000000008d900000, 0x000000008d900000| Untracked 
| 218|0x000000008da00000, 0x000000008da00000, 0x000000008db00000|  0%| F|  |TAMS 0x000000008da00000, 0x000000008da00000| Untracked 
| 219|0x000000008db00000, 0x000000008db00000, 0x000000008dc00000|  0%| F|  |TAMS 0x000000008db00000, 0x000000008db00000| Untracked 
| 220|0x000000008dc00000, 0x000000008dc00000, 0x000000008dd00000|  0%| F|  |TAMS 0x000000008dc00000, 0x000000008dc00000| Untracked 
| 221|0x000000008dd00000, 0x000000008dd00000, 0x000000008de00000|  0%| F|  |TAMS 0x000000008dd00000, 0x000000008dd00000| Untracked 
| 222|0x000000008de00000, 0x000000008de00000, 0x000000008df00000|  0%| F|  |TAMS 0x000000008de00000, 0x000000008de00000| Untracked 
| 223|0x000000008df00000, 0x000000008df00000, 0x000000008e000000|  0%| F|  |TAMS 0x000000008df00000, 0x000000008df00000| Untracked 
| 224|0x000000008e000000, 0x000000008e000000, 0x000000008e100000|  0%| F|  |TAMS 0x000000008e000000, 0x000000008e000000| Untracked 
| 225|0x000000008e100000, 0x000000008e100000, 0x000000008e200000|  0%| F|  |TAMS 0x000000008e100000, 0x000000008e100000| Untracked 
| 226|0x000000008e200000, 0x000000008e200000, 0x000000008e300000|  0%| F|  |TAMS 0x000000008e200000, 0x000000008e200000| Untracked 
| 227|0x000000008e300000, 0x000000008e300000, 0x000000008e400000|  0%| F|  |TAMS 0x000000008e300000, 0x000000008e300000| Untracked 
| 228|0x000000008e400000, 0x000000008e400000, 0x000000008e500000|  0%| F|  |TAMS 0x000000008e400000, 0x000000008e400000| Untracked 
| 229|0x000000008e500000, 0x000000008e500000, 0x000000008e600000|  0%| F|  |TAMS 0x000000008e500000, 0x000000008e500000| Untracked 
| 230|0x000000008e600000, 0x000000008e600000, 0x000000008e700000|  0%| F|  |TAMS 0x000000008e600000, 0x000000008e600000| Untracked 
| 231|0x000000008e700000, 0x000000008e700000, 0x000000008e800000|  0%| F|  |TAMS 0x000000008e700000, 0x000000008e700000| Untracked 
| 232|0x000000008e800000, 0x000000008e800000, 0x000000008e900000|  0%| F|  |TAMS 0x000000008e800000, 0x000000008e800000| Untracked 
| 233|0x000000008e900000, 0x000000008e900000, 0x000000008ea00000|  0%| F|  |TAMS 0x000000008e900000, 0x000000008e900000| Untracked 
| 234|0x000000008ea00000, 0x000000008ea00000, 0x000000008eb00000|  0%| F|  |TAMS 0x000000008ea00000, 0x000000008ea00000| Untracked 
| 235|0x000000008eb00000, 0x000000008eb00000, 0x000000008ec00000|  0%| F|  |TAMS 0x000000008eb00000, 0x000000008eb00000| Untracked 
| 236|0x000000008ec00000, 0x000000008ec00000, 0x000000008ed00000|  0%| F|  |TAMS 0x000000008ec00000, 0x000000008ec00000| Untracked 
| 237|0x000000008ed00000, 0x000000008ed00000, 0x000000008ee00000|  0%| F|  |TAMS 0x000000008ed00000, 0x000000008ed00000| Untracked 
| 238|0x000000008ee00000, 0x000000008ee00000, 0x000000008ef00000|  0%| F|  |TAMS 0x000000008ee00000, 0x000000008ee00000| Untracked 
| 239|0x000000008ef00000, 0x000000008ef00000, 0x000000008f000000|  0%| F|  |TAMS 0x000000008ef00000, 0x000000008ef00000| Untracked 
| 240|0x000000008f000000, 0x000000008f000000, 0x000000008f100000|  0%| F|  |TAMS 0x000000008f000000, 0x000000008f000000| Untracked 
| 241|0x000000008f100000, 0x000000008f100000, 0x000000008f200000|  0%| F|  |TAMS 0x000000008f100000, 0x000000008f100000| Untracked 
| 242|0x000000008f200000, 0x000000008f200000, 0x000000008f300000|  0%| F|  |TAMS 0x000000008f200000, 0x000000008f200000| Untracked 
| 243|0x000000008f300000, 0x000000008f300000, 0x000000008f400000|  0%| F|  |TAMS 0x000000008f300000, 0x000000008f300000| Untracked 
| 244|0x000000008f400000, 0x000000008f400000, 0x000000008f500000|  0%| F|  |TAMS 0x000000008f400000, 0x000000008f400000| Untracked 
| 245|0x000000008f500000, 0x000000008f500000, 0x000000008f600000|  0%| F|  |TAMS 0x000000008f500000, 0x000000008f500000| Untracked 
| 246|0x000000008f600000, 0x000000008f600000, 0x000000008f700000|  0%| F|  |TAMS 0x000000008f600000, 0x000000008f600000| Untracked 
| 247|0x000000008f700000, 0x000000008f700000, 0x000000008f800000|  0%| F|  |TAMS 0x000000008f700000, 0x000000008f700000| Untracked 
| 248|0x000000008f800000, 0x000000008f800000, 0x000000008f900000|  0%| F|  |TAMS 0x000000008f800000, 0x000000008f800000| Untracked 
| 249|0x000000008f900000, 0x000000008f900000, 0x000000008fa00000|  0%| F|  |TAMS 0x000000008f900000, 0x000000008f900000| Untracked 
| 250|0x000000008fa00000, 0x000000008fa00000, 0x000000008fb00000|  0%| F|  |TAMS 0x000000008fa00000, 0x000000008fa00000| Untracked 
| 251|0x000000008fb00000, 0x000000008fb00000, 0x000000008fc00000|  0%| F|  |TAMS 0x000000008fb00000, 0x000000008fb00000| Untracked 
| 252|0x000000008fc00000, 0x000000008fc00000, 0x000000008fd00000|  0%| F|  |TAMS 0x000000008fc00000, 0x000000008fc00000| Untracked 
| 253|0x000000008fd00000, 0x000000008fd00000, 0x000000008fe00000|  0%| F|  |TAMS 0x000000008fd00000, 0x000000008fd00000| Untracked 
| 254|0x000000008fe00000, 0x000000008fe00000, 0x000000008ff00000|  0%| F|  |TAMS 0x000000008fe00000, 0x000000008fe00000| Untracked 
| 255|0x000000008ff00000, 0x000000008ff00000, 0x0000000090000000|  0%| F|  |TAMS 0x000000008ff00000, 0x000000008ff00000| Untracked 
| 256|0x0000000090000000, 0x0000000090000000, 0x0000000090100000|  0%| F|  |TAMS 0x0000000090000000, 0x0000000090000000| Untracked 
| 257|0x0000000090100000, 0x0000000090100000, 0x0000000090200000|  0%| F|  |TAMS 0x0000000090100000, 0x0000000090100000| Untracked 
| 258|0x0000000090200000, 0x0000000090200000, 0x0000000090300000|  0%| F|  |TAMS 0x0000000090200000, 0x0000000090200000| Untracked 
| 259|0x0000000090300000, 0x0000000090300000, 0x0000000090400000|  0%| F|  |TAMS 0x0000000090300000, 0x0000000090300000| Untracked 
| 260|0x0000000090400000, 0x0000000090400000, 0x0000000090500000|  0%| F|  |TAMS 0x0000000090400000, 0x0000000090400000| Untracked 
| 261|0x0000000090500000, 0x0000000090500000, 0x0000000090600000|  0%| F|  |TAMS 0x0000000090500000, 0x0000000090500000| Untracked 
| 262|0x0000000090600000, 0x0000000090600000, 0x0000000090700000|  0%| F|  |TAMS 0x0000000090600000, 0x0000000090600000| Untracked 
| 263|0x0000000090700000, 0x0000000090700000, 0x0000000090800000|  0%| F|  |TAMS 0x0000000090700000, 0x0000000090700000| Untracked 
| 264|0x0000000090800000, 0x0000000090800000, 0x0000000090900000|  0%| F|  |TAMS 0x0000000090800000, 0x0000000090800000| Untracked 
| 265|0x0000000090900000, 0x0000000090900000, 0x0000000090a00000|  0%| F|  |TAMS 0x0000000090900000, 0x0000000090900000| Untracked 
| 266|0x0000000090a00000, 0x0000000090a00000, 0x0000000090b00000|  0%| F|  |TAMS 0x0000000090a00000, 0x0000000090a00000| Untracked 
| 267|0x0000000090b00000, 0x0000000090b00000, 0x0000000090c00000|  0%| F|  |TAMS 0x0000000090b00000, 0x0000000090b00000| Untracked 
| 268|0x0000000090c00000, 0x0000000090c00000, 0x0000000090d00000|  0%| F|  |TAMS 0x0000000090c00000, 0x0000000090c00000| Untracked 
| 269|0x0000000090d00000, 0x0000000090d00000, 0x0000000090e00000|  0%| F|  |TAMS 0x0000000090d00000, 0x0000000090d00000| Untracked 
| 270|0x0000000090e00000, 0x0000000090e00000, 0x0000000090f00000|  0%| F|  |TAMS 0x0000000090e00000, 0x0000000090e00000| Untracked 
| 271|0x0000000090f00000, 0x0000000090f00000, 0x0000000091000000|  0%| F|  |TAMS 0x0000000090f00000, 0x0000000090f00000| Untracked 
| 272|0x0000000091000000, 0x0000000091000000, 0x0000000091100000|  0%| F|  |TAMS 0x0000000091000000, 0x0000000091000000| Untracked 
| 273|0x0000000091100000, 0x0000000091100000, 0x0000000091200000|  0%| F|  |TAMS 0x0000000091100000, 0x0000000091100000| Untracked 
| 274|0x0000000091200000, 0x0000000091200000, 0x0000000091300000|  0%| F|  |TAMS 0x0000000091200000, 0x0000000091200000| Untracked 
| 275|0x0000000091300000, 0x0000000091300000, 0x0000000091400000|  0%| F|  |TAMS 0x0000000091300000, 0x0000000091300000| Untracked 
| 276|0x0000000091400000, 0x0000000091400000, 0x0000000091500000|  0%| F|  |TAMS 0x0000000091400000, 0x0000000091400000| Untracked 
| 277|0x0000000091500000, 0x0000000091500000, 0x0000000091600000|  0%| F|  |TAMS 0x0000000091500000, 0x0000000091500000| Untracked 
| 278|0x0000000091600000, 0x0000000091600000, 0x0000000091700000|  0%| F|  |TAMS 0x0000000091600000, 0x0000000091600000| Untracked 
| 279|0x0000000091700000, 0x0000000091700000, 0x0000000091800000|  0%| F|  |TAMS 0x0000000091700000, 0x0000000091700000| Untracked 
| 280|0x0000000091800000, 0x0000000091800000, 0x0000000091900000|  0%| F|  |TAMS 0x0000000091800000, 0x0000000091800000| Untracked 
| 281|0x0000000091900000, 0x0000000091900000, 0x0000000091a00000|  0%| F|  |TAMS 0x0000000091900000, 0x0000000091900000| Untracked 

Card table byte_map: [0x0000027dd5160000,0x0000027dd5560000] _byte_map_base: 0x0000027dd4d60000

Marking Bits (Prev, Next): (CMBitMap*) 0x0000027dc22ac758, (CMBitMap*) 0x0000027dc22ac790
 Prev Bits: [0x0000027dd5960000, 0x0000027dd7960000)
 Next Bits: [0x0000027dd7960000, 0x0000027dd9960000)

Polling page: 0x0000027dc0200000

Metaspace:

Usage:
  Non-class:    114.40 MB capacity,   111.67 MB ( 98%) used,     2.21 MB (  2%) free+waste,   535.19 KB ( <1%) overhead. 
      Class:     16.97 MB capacity,    15.42 MB ( 91%) used,     1.32 MB (  8%) free+waste,   231.63 KB (  1%) overhead. 
       Both:    131.37 MB capacity,   127.09 MB ( 97%) used,     3.54 MB (  3%) free+waste,   766.81 KB ( <1%) overhead. 

Virtual space:
  Non-class space:      116.00 MB reserved,     114.62 MB ( 99%) committed 
      Class space:        1.00 GB reserved,      17.13 MB (  2%) committed 
             Both:        1.11 GB reserved,     131.75 MB ( 12%) committed 

Chunk freelists:
   Non-Class:  94.00 KB
       Class:  72.00 KB
        Both:  166.00 KB

MaxMetaspaceSize: 17179869184.00 GB
CompressedClassSpaceSize: 1.00 GB

CodeHeap 'non-profiled nmethods': size=120064Kb used=21726Kb max_used=21726Kb free=98337Kb
 bounds [0x0000027dcd820000, 0x0000027dced60000, 0x0000027dd4d60000]
CodeHeap 'profiled nmethods': size=120000Kb used=61720Kb max_used=61720Kb free=58279Kb
 bounds [0x0000027dc62f0000, 0x0000027dc9fa0000, 0x0000027dcd820000]
CodeHeap 'non-nmethods': size=5696Kb used=2359Kb max_used=2425Kb free=3336Kb
 bounds [0x0000027dc5d60000, 0x0000027dc5fe0000, 0x0000027dc62f0000]
 total_blobs=27776 nmethods=26799 adapters=886
 compilation: enabled
              stopped_count=0, restarted_count=0
 full_count=0

Compilation events (20 events):
Event: 19855.181 Thread 0x0000027ddc7fd800 33478       2       com.android.tools.r8.graph.G$b::<init> (10 bytes)
Event: 19855.181 Thread 0x0000027ddc7fd800 nmethod 33478 0x0000027dc910e710 code [0x0000027dc910e8c0, 0x0000027dc910e9b8]
Event: 19855.184 Thread 0x0000027ddc7fd800 33479 %     3       com.android.tools.r8.internal.X4::a @ 56 (284 bytes)
Event: 19855.188 Thread 0x0000027ddc7fd800 nmethod 33479% 0x0000027dc9f88890 code [0x0000027dc9f88ca0, 0x0000027dc9f8b038]
Event: 19855.188 Thread 0x0000027ddc7fd800 33480       2       com.android.tools.r8.graph.C::K (11 bytes)
Event: 19855.189 Thread 0x0000027ddc7fd800 nmethod 33480 0x0000027dc9128510 code [0x0000027dc91286c0, 0x0000027dc91287f8]
Event: 19855.207 Thread 0x0000027ddc7fd800 33481       3       java.util.HashMap::containsValue (89 bytes)
Event: 19855.208 Thread 0x0000027ddc7fd800 nmethod 33481 0x0000027dc91f0e10 code [0x0000027dc91f1000, 0x0000027dc91f14a8]
Event: 19855.212 Thread 0x0000027ddc7fd800 33482       2       com.android.tools.r8.internal.Mg::e (27 bytes)
Event: 19855.213 Thread 0x0000027ddc7fd800 nmethod 33482 0x0000027dc9128090 code [0x0000027dc9128260, 0x0000027dc9128408]
Event: 19855.219 Thread 0x0000027ddc7fd800 33483 %     3       com.android.tools.r8.internal.d9::a @ 10 (418 bytes)
Event: 19855.225 Thread 0x0000027ddc7fd800 nmethod 33483% 0x0000027dc9f8ba10 code [0x0000027dc9f8c020, 0x0000027dc9f8f498]
Event: 19855.229 Thread 0x0000027ddc7fd800 33484       1       com.android.tools.r8.internal.Pf::g (5 bytes)
Event: 19855.229 Thread 0x0000027ddc7fd800 nmethod 33484 0x0000027dced5ec90 code [0x0000027dced5ee40, 0x0000027dced5eef8]
Event: 19855.246 Thread 0x0000027ddc7fd800 33486       2       com.android.tools.r8.internal.Kh::a (5 bytes)
Event: 19855.246 Thread 0x0000027ddc7fd800 nmethod 33486 0x0000027dc9127d10 code [0x0000027dc9127ec0, 0x0000027dc9127fe8]
Event: 19855.246 Thread 0x0000027ddc7fd800 33487       2       com.android.tools.r8.internal.Kh::a (4 bytes)
Event: 19855.247 Thread 0x0000027ddc7fd800 nmethod 33487 0x0000027dc9238710 code [0x0000027dc92388c0, 0x0000027dc92389b8]
Event: 19855.250 Thread 0x0000027ddc7fd800 33488       3       com.android.tools.r8.internal.Ne::a (101 bytes)
Event: 19855.253 Thread 0x0000027ddc7fd800 nmethod 33488 0x0000027dc929c890 code [0x0000027dc929cbc0, 0x0000027dc929e5b8]

GC Heap History (20 events):
Event: 19846.000 GC heap after
{Heap after GC invocations=236 (full 0):
 garbage-first heap   total 288768K, used 110297K [0x0000000080000000, 0x0000000100000000)
  region size 1024K, 14 young (14336K), 14 survivors (14336K)
 Metaspace       used 129017K, capacity 133377K, committed 133500K, reserved 1165312K
  class space    used 15717K, capacity 17301K, committed 17408K, reserved 1048576K
}
Event: 19846.009 GC heap before
{Heap before GC invocations=236 (full 0):
 garbage-first heap   total 288768K, used 111321K [0x0000000080000000, 0x0000000100000000)
  region size 1024K, 15 young (15360K), 14 survivors (14336K)
 Metaspace       used 129017K, capacity 133377K, committed 133500K, reserved 1165312K
  class space    used 15717K, capacity 17301K, committed 17408K, reserved 1048576K
}
Event: 19846.064 GC heap after
{Heap after GC invocations=237 (full 0):
 garbage-first heap   total 288768K, used 105567K [0x0000000080000000, 0x0000000100000000)
  region size 1024K, 2 young (2048K), 2 survivors (2048K)
 Metaspace       used 129017K, capacity 133377K, committed 133500K, reserved 1165312K
  class space    used 15717K, capacity 17301K, committed 17408K, reserved 1048576K
}
Event: 19849.236 GC heap before
{Heap before GC invocations=237 (full 0):
 garbage-first heap   total 288768K, used 224351K [0x0000000080000000, 0x0000000100000000)
  region size 1024K, 119 young (121856K), 2 survivors (2048K)
 Metaspace       used 129864K, capacity 134264K, committed 134396K, reserved 1167360K
  class space    used 15815K, capacity 17443K, committed 17536K, reserved 1048576K
}
Event: 19849.277 GC heap after
{Heap after GC invocations=238 (full 0):
 garbage-first heap   total 288768K, used 111376K [0x0000000080000000, 0x0000000100000000)
  region size 1024K, 8 young (8192K), 8 survivors (8192K)
 Metaspace       used 129864K, capacity 134264K, committed 134396K, reserved 1167360K
  class space    used 15815K, capacity 17443K, committed 17536K, reserved 1048576K
}
Event: 19851.694 GC heap before
{Heap before GC invocations=239 (full 0):
 garbage-first heap   total 288768K, used 229136K [0x0000000080000000, 0x0000000100000000)
  region size 1024K, 123 young (125952K), 8 survivors (8192K)
 Metaspace       used 129882K, capacity 134312K, committed 134652K, reserved 1167360K
  class space    used 15780K, capacity 17374K, committed 17536K, reserved 1048576K
}
Event: 19851.741 GC heap after
{Heap after GC invocations=240 (full 0):
 garbage-first heap   total 288768K, used 128467K [0x0000000080000000, 0x0000000100000000)
  region size 1024K, 16 young (16384K), 16 survivors (16384K)
 Metaspace       used 129882K, capacity 134312K, committed 134652K, reserved 1167360K
  class space    used 15780K, capacity 17374K, committed 17536K, reserved 1048576K
}
Event: 19851.745 GC heap before
{Heap before GC invocations=240 (full 0):
 garbage-first heap   total 288768K, used 128467K [0x0000000080000000, 0x0000000100000000)
  region size 1024K, 17 young (17408K), 16 survivors (16384K)
 Metaspace       used 129882K, capacity 134312K, committed 134652K, reserved 1167360K
  class space    used 15780K, capacity 17374K, committed 17536K, reserved 1048576K
}
Event: 19851.784 GC heap after
{Heap after GC invocations=241 (full 0):
 garbage-first heap   total 288768K, used 126869K [0x0000000080000000, 0x0000000100000000)
  region size 1024K, 2 young (2048K), 2 survivors (2048K)
 Metaspace       used 129882K, capacity 134312K, committed 134652K, reserved 1167360K
  class space    used 15780K, capacity 17374K, committed 17536K, reserved 1048576K
}
Event: 19852.257 GC heap before
{Heap before GC invocations=241 (full 0):
 garbage-first heap   total 288768K, used 226197K [0x0000000080000000, 0x0000000100000000)
  region size 1024K, 100 young (102400K), 2 survivors (2048K)
 Metaspace       used 129919K, capacity 134316K, committed 134652K, reserved 1167360K
  class space    used 15783K, capacity 17375K, committed 17536K, reserved 1048576K
}
Event: 19852.353 GC heap after
{Heap after GC invocations=242 (full 0):
 garbage-first heap   total 288768K, used 142336K [0x0000000080000000, 0x0000000100000000)
  region size 1024K, 13 young (13312K), 13 survivors (13312K)
 Metaspace       used 129919K, capacity 134316K, committed 134652K, reserved 1167360K
  class space    used 15783K, capacity 17375K, committed 17536K, reserved 1048576K
}
Event: 19853.280 GC heap before
{Heap before GC invocations=242 (full 0):
 garbage-first heap   total 288768K, used 227328K [0x0000000080000000, 0x0000000100000000)
  region size 1024K, 96 young (98304K), 13 survivors (13312K)
 Metaspace       used 129972K, capacity 134371K, committed 134652K, reserved 1167360K
  class space    used 15780K, capacity 17369K, committed 17536K, reserved 1048576K
}
Event: 19853.367 GC heap after
{Heap after GC invocations=243 (full 0):
 garbage-first heap   total 288768K, used 153850K [0x0000000080000000, 0x0000000100000000)
  region size 1024K, 11 young (11264K), 11 survivors (11264K)
 Metaspace       used 129972K, capacity 134371K, committed 134652K, reserved 1167360K
  class space    used 15780K, capacity 17369K, committed 17536K, reserved 1048576K
}
Event: 19854.157 GC heap before
{Heap before GC invocations=244 (full 0):
 garbage-first heap   total 288768K, used 229626K [0x0000000080000000, 0x0000000100000000)
  region size 1024K, 85 young (87040K), 11 survivors (11264K)
 Metaspace       used 130056K, capacity 134441K, committed 134908K, reserved 1167360K
  class space    used 15788K, capacity 17370K, committed 17536K, reserved 1048576K
}
Event: 19854.223 GC heap after
{Heap after GC invocations=245 (full 0):
 garbage-first heap   total 288768K, used 162304K [0x0000000080000000, 0x0000000100000000)
  region size 1024K, 9 young (9216K), 9 survivors (9216K)
 Metaspace       used 130056K, capacity 134441K, committed 134908K, reserved 1167360K
  class space    used 15788K, capacity 17370K, committed 17536K, reserved 1048576K
}
Event: 19854.244 GC heap before
{Heap before GC invocations=245 (full 0):
 garbage-first heap   total 288768K, used 166400K [0x0000000080000000, 0x0000000100000000)
  region size 1024K, 14 young (14336K), 9 survivors (9216K)
 Metaspace       used 130060K, capacity 134441K, committed 134908K, reserved 1167360K
  class space    used 15788K, capacity 17370K, committed 17536K, reserved 1048576K
}
Event: 19854.306 GC heap after
{Heap after GC invocations=246 (full 0):
 garbage-first heap   total 288768K, used 156156K [0x0000000080000000, 0x0000000100000000)
  region size 1024K, 2 young (2048K), 2 survivors (2048K)
 Metaspace       used 130060K, capacity 134441K, committed 134908K, reserved 1167360K
  class space    used 15788K, capacity 17370K, committed 17536K, reserved 1048576K
}
Event: 19854.675 GC heap before
{Heap before GC invocations=246 (full 0):
 garbage-first heap   total 288768K, used 230908K [0x0000000080000000, 0x0000000100000000)
  region size 1024K, 76 young (77824K), 2 survivors (2048K)
 Metaspace       used 130101K, capacity 134506K, committed 134908K, reserved 1167360K
  class space    used 15788K, capacity 17370K, committed 17536K, reserved 1048576K
}
Event: 19854.734 GC heap after
{Heap after GC invocations=247 (full 0):
 garbage-first heap   total 288768K, used 162899K [0x0000000080000000, 0x0000000100000000)
  region size 1024K, 9 young (9216K), 9 survivors (9216K)
 Metaspace       used 130101K, capacity 134506K, committed 134908K, reserved 1167360K
  class space    used 15788K, capacity 17370K, committed 17536K, reserved 1048576K
}
Event: 19855.264 GC heap before
{Heap before GC invocations=247 (full 0):
 garbage-first heap   total 288768K, used 234579K [0x0000000080000000, 0x0000000100000000)
  region size 1024K, 79 young (80896K), 9 survivors (9216K)
 Metaspace       used 130137K, capacity 134524K, committed 134908K, reserved 1167360K
  class space    used 15790K, capacity 17374K, committed 17536K, reserved 1048576K
}

Deoptimization events (20 events):
Event: 19854.826 Thread 0x0000027de3772000 DEOPT PACKING pc=0x0000027dce8c3030 sp=0x000000fce45fa120
Event: 19854.826 Thread 0x0000027de3772000 DEOPT UNPACKING pc=0x0000027dc5d8662f sp=0x000000fce45fa050 mode 2
Event: 19854.829 Thread 0x0000027de3772000 Uncommon trap: trap_request=0xffffff4d fr.pc=0x0000027dcdcca3b8 relative=0x0000000000000178
Event: 19854.829 Thread 0x0000027de3772000 Uncommon trap: reason=unstable_if action=reinterpret pc=0x0000027dcdcca3b8 method=com.android.tools.r8.internal.X4.c(I)Lcom/android/tools/r8/internal/g9; @ 4 c2
Event: 19854.829 Thread 0x0000027de3772000 DEOPT PACKING pc=0x0000027dcdcca3b8 sp=0x000000fce45f9fa0
Event: 19854.830 Thread 0x0000027de3772000 DEOPT UNPACKING pc=0x0000027dc5d8662f sp=0x000000fce45f9f50 mode 2
Event: 19854.937 Thread 0x0000027de3776000 DEOPT PACKING pc=0x0000027dc74a56a0 sp=0x000000fce44fa010
Event: 19854.938 Thread 0x0000027de3776000 DEOPT UNPACKING pc=0x0000027dc5d86dde sp=0x000000fce44f9580 mode 0
Event: 19855.117 Thread 0x0000027de3778800 DEOPT PACKING pc=0x0000027dc86193ae sp=0x000000fce47f9e60
Event: 19855.117 Thread 0x0000027de3778800 DEOPT UNPACKING pc=0x0000027dc5d86dde sp=0x000000fce47f95f0 mode 0
Event: 19855.157 Thread 0x0000027de3776000 DEOPT PACKING pc=0x0000027dc725ab49 sp=0x000000fce44fa170
Event: 19855.157 Thread 0x0000027de3776000 DEOPT UNPACKING pc=0x0000027dc5d86dde sp=0x000000fce44f96d8 mode 0
Event: 19855.210 Thread 0x0000027de3778800 Uncommon trap: trap_request=0xffffffde fr.pc=0x0000027dcea5b24c relative=0x00000000000005ec
Event: 19855.210 Thread 0x0000027de3778800 Uncommon trap: reason=class_check action=maybe_recompile pc=0x0000027dcea5b24c method=com.android.tools.r8.internal.Mg.e()Lcom/android/tools/r8/internal/Gg; @ 3 c2
Event: 19855.210 Thread 0x0000027de3778800 DEOPT PACKING pc=0x0000027dcea5b24c sp=0x000000fce47f9f10
Event: 19855.210 Thread 0x0000027de3778800 DEOPT UNPACKING pc=0x0000027dc5d8662f sp=0x000000fce47f9ed0 mode 2
Event: 19855.210 Thread 0x0000027de3778800 Uncommon trap: trap_request=0xffffffde fr.pc=0x0000027dcea5b24c relative=0x00000000000005ec
Event: 19855.210 Thread 0x0000027de3778800 Uncommon trap: reason=class_check action=maybe_recompile pc=0x0000027dcea5b24c method=com.android.tools.r8.internal.Mg.e()Lcom/android/tools/r8/internal/Gg; @ 3 c2
Event: 19855.210 Thread 0x0000027de3778800 DEOPT PACKING pc=0x0000027dcea5b24c sp=0x000000fce47f9f10
Event: 19855.210 Thread 0x0000027de3778800 DEOPT UNPACKING pc=0x0000027dc5d8662f sp=0x000000fce47f9ed0 mode 2

Classes redefined (0 events):
No events

Internal exceptions (20 events):
Event: 19845.453 Thread 0x0000027de3772000 Exception <a 'java/lang/NoSuchMethodError'{0x000000008b5b3498}: 'java.lang.Object java.lang.invoke.DirectMethodHandle$Holder.invokeStatic(java.lang.Object, int, java.lang.Object, java.lang.Object)'> (0x000000008b5b3498) thrown at [./src/hotspot/share/interpreter/linkResolver.cpp, line 773]
Event: 19845.792 Thread 0x0000027de3772000 Exception <a 'java/lang/NoSuchMethodError'{0x000000008ac4c4b0}: 'java.lang.Object java.lang.invoke.Invokers$Holder.linkToTargetMethod(java.lang.Object, java.lang.Object, java.lang.Object, java.lang.Object, java.lang.Object, java.lang.Object, java.lang.Object, java.lang.Object)'> (0x000000008ac4c4b0) thrown at [./src/hotspot/share/interpreter/linkResolver.cpp, line 773]
Event: 19845.906 Thread 0x0000027de3778800 Exception <a 'sun/nio/fs/WindowsException'{0x000000008a160c98}> (0x000000008a160c98) thrown at [./src/hotspot/share/prims/jni.cpp, line 615]
Event: 19846.247 Thread 0x0000027de3777000 Exception <a 'sun/nio/fs/WindowsException'{0x0000000090f8faa8}> (0x0000000090f8faa8) thrown at [./src/hotspot/share/prims/jni.cpp, line 615]
Event: 19847.590 Thread 0x0000027de3777000 Exception <a 'java/lang/NoSuchMethodError'{0x000000008dfbb020}: 'java.lang.Object java.lang.invoke.DirectMethodHandle$Holder.invokeInterface(java.lang.Object, java.lang.Object, int)'> (0x000000008dfbb020) thrown at [./src/hotspot/share/interpreter/linkResolver.cpp, line 773]
Event: 19848.891 Thread 0x0000027de3777000 Exception <a 'java/lang/IncompatibleClassChangeError'{0x000000008b3e64d0}: Found class java.lang.Object, but interface was expected> (0x000000008b3e64d0) thrown at [./src/hotspot/share/interpreter/linkResolver.cpp, line 839]
Event: 19848.891 Thread 0x0000027de3772000 Exception <a 'java/lang/IncompatibleClassChangeError'{0x000000008a6fc3e0}: Found class java.lang.Object, but interface was expected> (0x000000008a6fc3e0) thrown at [./src/hotspot/share/interpreter/linkResolver.cpp, line 839]
Event: 19848.912 Thread 0x0000027de3772000 Exception <a 'sun/nio/fs/WindowsException'{0x000000008a5f7e60}> (0x000000008a5f7e60) thrown at [./src/hotspot/share/prims/jni.cpp, line 615]
Event: 19848.940 Thread 0x0000027de3777000 Exception <a 'sun/nio/fs/WindowsException'{0x000000008a35c578}> (0x000000008a35c578) thrown at [./src/hotspot/share/prims/jni.cpp, line 615]
Event: 19849.553 Thread 0x0000027de3776000 Exception <a 'sun/nio/fs/WindowsException'{0x00000000913106c8}> (0x00000000913106c8) thrown at [./src/hotspot/share/prims/jni.cpp, line 615]
Event: 19850.003 Thread 0x0000027de3778800 Exception <a 'java/lang/NoSuchMethodError'{0x00000000909b4a70}: 'int java.lang.invoke.DirectMethodHandle$Holder.invokeInterface(java.lang.Object, java.lang.Object, int)'> (0x00000000909b4a70) thrown at [./src/hotspot/share/interpreter/linkResolver.cpp, line 773]
Event: 19851.290 Thread 0x0000027de3772000 Exception <a 'sun/nio/fs/WindowsException'{0x000000008e5d5f70}> (0x000000008e5d5f70) thrown at [./src/hotspot/share/prims/jni.cpp, line 615]
Event: 19851.592 Thread 0x0000027de3776000 Exception <a 'sun/nio/fs/WindowsException'{0x000000008bf47330}> (0x000000008bf47330) thrown at [./src/hotspot/share/prims/jni.cpp, line 615]
Event: 19851.817 Thread 0x0000027de3777000 Exception <a 'sun/nio/fs/WindowsException'{0x00000000911c6530}> (0x00000000911c6530) thrown at [./src/hotspot/share/prims/jni.cpp, line 615]
Event: 19852.173 Thread 0x0000027de3772000 Exception <a 'sun/nio/fs/WindowsException'{0x000000008c70f310}> (0x000000008c70f310) thrown at [./src/hotspot/share/prims/jni.cpp, line 615]
Event: 19853.182 Thread 0x0000027de3778800 Exception <a 'sun/nio/fs/WindowsException'{0x000000008dfdd110}> (0x000000008dfdd110) thrown at [./src/hotspot/share/prims/jni.cpp, line 615]
Event: 19854.225 Thread 0x0000027de3778800 Exception <a 'sun/nio/fs/WindowsException'{0x00000000919218b8}> (0x00000000919218b8) thrown at [./src/hotspot/share/prims/jni.cpp, line 615]
Event: 19854.465 Thread 0x0000027de3772000 Exception <a 'sun/nio/fs/WindowsException'{0x000000008f6486d0}> (0x000000008f6486d0) thrown at [./src/hotspot/share/prims/jni.cpp, line 615]
Event: 19854.512 Thread 0x0000027de3778800 Exception <a 'sun/nio/fs/WindowsException'{0x000000008ed49a58}> (0x000000008ed49a58) thrown at [./src/hotspot/share/prims/jni.cpp, line 615]
Event: 19855.023 Thread 0x0000027de3778800 Exception <a 'sun/nio/fs/WindowsException'{0x000000008f86e368}> (0x000000008f86e368) thrown at [./src/hotspot/share/prims/jni.cpp, line 615]

Events (20 events):
Event: 19854.223 Executing VM operation: G1CollectForAllocation done
Event: 19854.244 Executing VM operation: G1CollectForAllocation
Event: 19854.306 Executing VM operation: G1CollectForAllocation done
Event: 19854.674 Executing VM operation: G1CollectForAllocation
Event: 19854.734 Executing VM operation: G1CollectForAllocation done
Event: 19854.827 loading class com/android/tools/r8/internal/X4
Event: 19854.827 loading class com/android/tools/r8/internal/X4 done
Event: 19854.828 loading class com/android/tools/r8/internal/t4
Event: 19854.828 loading class com/android/tools/r8/internal/t4 done
Event: 19854.828 loading class com/android/tools/r8/internal/t4
Event: 19854.828 loading class com/android/tools/r8/internal/t4 done
Event: 19854.828 loading class com/android/tools/r8/internal/t4
Event: 19854.828 loading class com/android/tools/r8/internal/t4 done
Event: 19854.829 loading class com/android/tools/r8/internal/t4
Event: 19854.829 loading class com/android/tools/r8/internal/t4 done
Event: 19855.000 loading class com/android/tools/r8/internal/m4
Event: 19855.000 loading class com/android/tools/r8/internal/m4 done
Event: 19855.231 loading class com/android/tools/r8/errors/InterfaceDesugarMissingTypeDiagnostic
Event: 19855.231 loading class com/android/tools/r8/errors/InterfaceDesugarMissingTypeDiagnostic done
Event: 19855.263 Executing VM operation: G1CollectForAllocation


Dynamic libraries:
0x00007ff73c180000 - 0x00007ff73c18a000 	C:\Program Files\Android\Android Studio\jre\bin\java.exe
0x00007fffdf230000 - 0x00007fffdf425000 	C:\WINDOWS\SYSTEM32\ntdll.dll
0x00007fffde3d0000 - 0x00007fffde48e000 	C:\WINDOWS\System32\KERNEL32.DLL
0x00007fffdcda0000 - 0x00007fffdd068000 	C:\WINDOWS\System32\KERNELBASE.dll
0x00007fffda260000 - 0x00007fffda2f0000 	C:\WINDOWS\SYSTEM32\apphelp.dll
0x00007fffdca00000 - 0x00007fffdcb00000 	C:\WINDOWS\System32\ucrtbase.dll
0x00007fffc1ef0000 - 0x00007fffc1f09000 	C:\Program Files\Android\Android Studio\jre\bin\jli.dll
0x00007fffdd6c0000 - 0x00007fffdd860000 	C:\WINDOWS\System32\USER32.dll
0x00007fffdcd70000 - 0x00007fffdcd92000 	C:\WINDOWS\System32\win32u.dll
0x00007fffde490000 - 0x00007fffde4bb000 	C:\WINDOWS\System32\GDI32.dll
0x00007fffdcc10000 - 0x00007fffdcd1d000 	C:\WINDOWS\System32\gdi32full.dll
0x00007fffc7970000 - 0x00007fffc7c0a000 	C:\WINDOWS\WinSxS\amd64_microsoft.windows.common-controls_6595b64144ccf1df_6.0.19041.1110_none_60b5254171f9507e\COMCTL32.dll
0x00007fffdcb00000 - 0x00007fffdcb9d000 	C:\WINDOWS\System32\msvcp_win.dll
0x00007fffde250000 - 0x00007fffde2ee000 	C:\WINDOWS\System32\msvcrt.dll
0x00007fffc12e0000 - 0x00007fffc12f7000 	C:\Program Files\Android\Android Studio\jre\bin\VCRUNTIME140.dll
0x00007fffde3a0000 - 0x00007fffde3d0000 	C:\WINDOWS\System32\IMM32.DLL
0x00007fffbdcc0000 - 0x00007fffbdd5d000 	C:\Program Files\Android\Android Studio\jre\bin\msvcp140.dll
0x00007fffa1a70000 - 0x00007fffa2545000 	C:\Program Files\Android\Android Studio\jre\bin\server\jvm.dll
0x00007fffde2f0000 - 0x00007fffde39e000 	C:\WINDOWS\System32\ADVAPI32.dll
0x00007fffddf80000 - 0x00007fffde01c000 	C:\WINDOWS\System32\sechost.dll
0x00007fffdd450000 - 0x00007fffdd575000 	C:\WINDOWS\System32\RPCRT4.dll
0x00007fffdd580000 - 0x00007fffdd588000 	C:\WINDOWS\System32\PSAPI.DLL
0x00007fffcba70000 - 0x00007fffcba97000 	C:\WINDOWS\SYSTEM32\WINMM.dll
0x00007fffcb880000 - 0x00007fffcb889000 	C:\WINDOWS\SYSTEM32\WSOCK32.dll
0x00007fffccb00000 - 0x00007fffccb0a000 	C:\WINDOWS\SYSTEM32\VERSION.dll
0x00007fffdd5f0000 - 0x00007fffdd65b000 	C:\WINDOWS\System32\WS2_32.dll
0x00007fffda7f0000 - 0x00007fffda802000 	C:\WINDOWS\SYSTEM32\kernel.appcore.dll
0x00007fffcfcd0000 - 0x00007fffcfce1000 	C:\Program Files\Android\Android Studio\jre\bin\verify.dll
0x00007fffc2310000 - 0x00007fffc24f4000 	C:\WINDOWS\SYSTEM32\DBGHELP.DLL
0x00007fffc22e0000 - 0x00007fffc230c000 	C:\WINDOWS\SYSTEM32\dbgcore.DLL
0x00007fffdc970000 - 0x00007fffdc9f2000 	C:\WINDOWS\System32\bcryptPrimitives.dll
0x00007fffc5170000 - 0x00007fffc5199000 	C:\Program Files\Android\Android Studio\jre\bin\java.dll
0x00007fffcfcc0000 - 0x00007fffcfccb000 	C:\Program Files\Android\Android Studio\jre\bin\jimage.dll
0x00007fffcae60000 - 0x00007fffcae78000 	C:\Program Files\Android\Android Studio\jre\bin\zip.dll
0x00007fffdeaa0000 - 0x00007fffdf1e4000 	C:\WINDOWS\System32\SHELL32.dll
0x00007fffda9f0000 - 0x00007fffdb184000 	C:\WINDOWS\SYSTEM32\windows.storage.dll
0x00007fffddaf0000 - 0x00007fffdde45000 	C:\WINDOWS\System32\combase.dll
0x00007fffdc1f0000 - 0x00007fffdc21e000 	C:\WINDOWS\SYSTEM32\Wldp.dll
0x00007fffdda40000 - 0x00007fffddaed000 	C:\WINDOWS\System32\SHCORE.dll
0x00007fffdd360000 - 0x00007fffdd3b5000 	C:\WINDOWS\System32\shlwapi.dll
0x00007fffdc880000 - 0x00007fffdc89f000 	C:\WINDOWS\SYSTEM32\profapi.dll
0x00007fffc7e60000 - 0x00007fffc7e7a000 	C:\Program Files\Android\Android Studio\jre\bin\net.dll
0x00007fffce540000 - 0x00007fffce64c000 	C:\WINDOWS\SYSTEM32\WINHTTP.dll
0x00007fffdbfc0000 - 0x00007fffdc02a000 	C:\WINDOWS\system32\mswsock.dll
0x00007fffc33a0000 - 0x00007fffc33b4000 	C:\Program Files\Android\Android Studio\jre\bin\nio.dll
0x00007fffc8d90000 - 0x00007fffc8db7000 	C:\Users\neago\.gradle\native\8bec1ad78214c89d9ad589b4d07fe93259594b29d510b10fafb7a158f7737e5d\windows-amd64\native-platform.dll
0x00007fffb1c70000 - 0x00007fffb1dad000 	C:\Users\neago\.gradle\native\53dbd7edfb1c66fb8903c78663c9afc45aea4f116125fa6feffd364cf09443e8\windows-amd64\native-platform-file-events.dll
0x00007fffc32b0000 - 0x00007fffc32ba000 	C:\Program Files\Android\Android Studio\jre\bin\management.dll
0x00007fffc32a0000 - 0x00007fffc32ad000 	C:\Program Files\Android\Android Studio\jre\bin\management_ext.dll
0x00007fffdc290000 - 0x00007fffdc2a8000 	C:\WINDOWS\SYSTEM32\CRYPTSP.dll
0x00007fffdb960000 - 0x00007fffdb994000 	C:\WINDOWS\system32\rsaenh.dll
0x00007fffdc940000 - 0x00007fffdc967000 	C:\WINDOWS\System32\bcrypt.dll
0x00007fffdc7f0000 - 0x00007fffdc81e000 	C:\WINDOWS\SYSTEM32\USERENV.dll
0x00007fffdc150000 - 0x00007fffdc15c000 	C:\WINDOWS\SYSTEM32\CRYPTBASE.dll
0x00007fffdbcd0000 - 0x00007fffdbd0b000 	C:\WINDOWS\SYSTEM32\IPHLPAPI.DLL
0x00007fffdd350000 - 0x00007fffdd358000 	C:\WINDOWS\System32\NSI.dll
0x00007fffd46f0000 - 0x00007fffd4707000 	C:\WINDOWS\SYSTEM32\dhcpcsvc6.DLL
0x00007fffd47e0000 - 0x00007fffd47fd000 	C:\WINDOWS\SYSTEM32\dhcpcsvc.DLL
0x00007fffdbd10000 - 0x00007fffdbddb000 	C:\WINDOWS\SYSTEM32\DNSAPI.dll
0x00007fffbf4d0000 - 0x00007fffbf4f7000 	C:\Program Files\Android\Android Studio\jre\bin\sunec.dll

dbghelp: loaded successfully - version: 4.0.5 - missing functions: none
symbol engine: initialized successfully - sym options: 0x614 - pdb path: .;C:\Program Files\Android\Android Studio\jre\bin;C:\WINDOWS\SYSTEM32;C:\WINDOWS\WinSxS\amd64_microsoft.windows.common-controls_6595b64144ccf1df_6.0.19041.1110_none_60b5254171f9507e;C:\Program Files\Android\Android Studio\jre\bin\server;C:\Users\neago\.gradle\native\8bec1ad78214c89d9ad589b4d07fe93259594b29d510b10fafb7a158f7737e5d\windows-amd64;C:\Users\neago\.gradle\native\53dbd7edfb1c66fb8903c78663c9afc45aea4f116125fa6feffd364cf09443e8\windows-amd64

VM Arguments:
jvm_args: --add-opens=java.base/java.util=ALL-UNNAMED --add-opens=java.base/java.lang=ALL-UNNAMED --add-opens=java.base/java.lang.invoke=ALL-UNNAMED --add-opens=java.base/java.util=ALL-UNNAMED --add-opens=java.prefs/java.util.prefs=ALL-UNNAMED --add-opens=java.prefs/java.util.prefs=ALL-UNNAMED --add-opens=java.base/java.nio.charset=ALL-UNNAMED --add-opens=java.base/java.net=ALL-UNNAMED --add-opens=java.base/java.util.concurrent.atomic=ALL-UNNAMED -Xmx2048m -Dfile.encoding=UTF-8 -Duser.country=ES -Duser.language=es -Duser.variant 
java_command: org.gradle.launcher.daemon.bootstrap.GradleDaemon 7.0.2
java_class_path (initial): C:\Users\neago\.gradle\wrapper\dists\gradle-7.0.2-bin\857tjihv64xamwrf0h14cai3r\gradle-7.0.2\lib\gradle-launcher-7.0.2.jar
Launcher Type: SUN_STANDARD

[Global flags]
     intx CICompilerCount                          = 3                                         {product} {ergonomic}
     uint ConcGCThreads                            = 1                                         {product} {ergonomic}
     uint G1ConcRefinementThreads                  = 4                                         {product} {ergonomic}
   size_t G1HeapRegionSize                         = 1048576                                   {product} {ergonomic}
    uintx GCDrainStackTargetSize                   = 64                                        {product} {ergonomic}
   size_t InitialHeapSize                          = 134217728                                 {product} {ergonomic}
   size_t MarkStackSize                            = 4194304                                   {product} {ergonomic}
   size_t MaxHeapSize                              = 2147483648                                {product} {command line}
   size_t MaxNewSize                               = 1287651328                                {product} {ergonomic}
   size_t MinHeapDeltaBytes                        = 1048576                                   {product} {ergonomic}
    uintx NonNMethodCodeHeapSize                   = 5830732                                {pd product} {ergonomic}
    uintx NonProfiledCodeHeapSize                  = 122913754                              {pd product} {ergonomic}
    uintx ProfiledCodeHeapSize                     = 122913754                              {pd product} {ergonomic}
    uintx ReservedCodeCacheSize                    = 251658240                              {pd product} {ergonomic}
     bool SegmentedCodeCache                       = true                                      {product} {ergonomic}
     bool UseCompressedClassPointers               = true                                 {lp64_product} {ergonomic}
     bool UseCompressedOops                        = true                                 {lp64_product} {ergonomic}
     bool UseG1GC                                  = true                                      {product} {ergonomic}
     bool UseLargePagesIndividualAllocation        = false                                  {pd product} {ergonomic}

Logging:
Log output configuration:
 #0: stdout all=warning uptime,level,tags
 #1: stderr all=off uptime,level,tags

Environment Variables:
JAVA_HOME=C:\Program Files\Amazon Corretto\jdk11.0.12_7
PATH=C:\Program Files (x86)\Common Files\Oracle\Java\javapath;C:\Windows;C:\Windows\System32;C:\Windows\System32\Wbem;C:\Program Files\Amazon Corretto\jdk11.0.12_7\bin;C:\Program Files\AutoFirma\AutoFirma;C:\Program Files\PuTTY\;C:\Program Files\nodejs\;C:\WINDOWS\system32;C:\Program Files\Docker\Docker\resources\bin;C:\ProgramData\DockerDesktop\version-bin;C:\Program Files\Git\cmd;C:\Program Files\Java\jdk-17.0.1\bin;C:\Users\neago\AppData\Local\Programs\Python\Python310\Scripts\;C:\Users\neago\AppData\Local\Programs\Python\Python310\;C:\Program Files\MySQL\MySQL Shell 8.0\bin\;C:\Users\neago\AppData\Local\Microsoft\WindowsApps;C:\Users\neago\AppData\Local\Programs\Microsoft VS Code\bin;C:\Users\neago\.dotnet\tools;C:\Program Files\JetBrains\IntelliJ IDEA 2021.2.2\bin;C:\Users\neago\AppData\Roaming\npm;C:\Program Files\MongoDB\Server\5.0\bin;C:\Program Files\MongoDB\Server\5.0\bin;C:\Users\neago\AppData\Local\Programs\mongosh\
USERNAME=neago
OS=Windows_NT
PROCESSOR_IDENTIFIER=Intel64 Family 6 Model 69 Stepping 1, GenuineIntel



---------------  S Y S T E M  ---------------

OS: Windows 10 , 64 bit Build 19041 (10.0.19041.1503)
OS uptime: 4 days 3:55 hours
Hyper-V role detected

CPU:total 4 (initial active 4) (2 cores per cpu, 2 threads per core) family 6 model 69 stepping 1 microcode 0x25, cmov, cx8, fxsr, mmx, sse, sse2, sse3, ssse3, sse4.1, sse4.2, popcnt, avx, avx2, aes, clmul, erms, lzcnt, ht, tsc, tscinvbit, bmi1, bmi2, fma

Memory: 4k page, system-wide physical 8112M (188M free)
TotalPageFile size 14256M (AvailPageFile size 36M)
current process WorkingSet (physical memory assigned to process): 622M, peak: 626M
current process commit charge ("private bytes"): 719M, peak: 780M

vm_info: OpenJDK 64-Bit Server VM (11.0.11+9-b60-7590822) for windows-amd64 JRE (11.0.11+9-b60-7590822), built on Jul 29 2021 21:43:44 by "builder" with MS VC++ 14.0 (VS2015)

END.
